<?xml version="1.0" encoding="UTF-8"?>
<testng-results ignored="0" total="128" passed="128" failed="0" skipped="0">
  <reporter-output>
  </reporter-output>
  <suite started-at="2019-05-26T20:28:16Z" name="Surefire suite" finished-at="2019-05-26T20:28:21Z" duration-ms="5047">
    <groups>
    </groups>
    <test started-at="2019-05-26T20:28:16Z" name="Surefire test" finished-at="2019-05-26T20:28:21Z" duration-ms="5047">
      <class name="com.hotels.beans.base.DefaultsTest">
        <test-method signature="testDefaultValueShouldReturnTheExpectedResult(java.lang.Class, java.lang.Object)[pri:0, instance:com.hotels.beans.base.DefaultsTest@4acc5dff]" started-at="2019-05-26T20:28:21Z" name="testDefaultValueShouldReturnTheExpectedResult" data-provider="dataProvider" finished-at="2019-05-26T20:28:21Z" duration-ms="0" status="PASS">
          <params>
            <param index="0">
              <value>
                <![CDATA[boolean]]>
              </value>
            </param>
            <param index="1">
              <value>
                <![CDATA[false]]>
              </value>
            </param>
          </params>
          <reporter-output>
          </reporter-output>
        </test-method> <!-- testDefaultValueShouldReturnTheExpectedResult -->
        <test-method signature="testDefaultValueShouldReturnTheExpectedResult(java.lang.Class, java.lang.Object)[pri:0, instance:com.hotels.beans.base.DefaultsTest@4acc5dff]" started-at="2019-05-26T20:28:21Z" name="testDefaultValueShouldReturnTheExpectedResult" data-provider="dataProvider" finished-at="2019-05-26T20:28:21Z" duration-ms="0" status="PASS">
          <params>
            <param index="0">
              <value>
                <![CDATA[class java.lang.Boolean]]>
              </value>
            </param>
            <param index="1">
              <value>
                <![CDATA[false]]>
              </value>
            </param>
          </params>
          <reporter-output>
          </reporter-output>
        </test-method> <!-- testDefaultValueShouldReturnTheExpectedResult -->
        <test-method signature="testDefaultValueShouldReturnTheExpectedResult(java.lang.Class, java.lang.Object)[pri:0, instance:com.hotels.beans.base.DefaultsTest@4acc5dff]" started-at="2019-05-26T20:28:21Z" name="testDefaultValueShouldReturnTheExpectedResult" data-provider="dataProvider" finished-at="2019-05-26T20:28:21Z" duration-ms="0" status="PASS">
          <params>
            <param index="0">
              <value>
                <![CDATA[char]]>
              </value>
            </param>
            <param index="1">
              <value>
                <![CDATA[]]>
              </value>
            </param>
          </params>
          <reporter-output>
          </reporter-output>
        </test-method> <!-- testDefaultValueShouldReturnTheExpectedResult -->
        <test-method signature="testDefaultValueShouldReturnTheExpectedResult(java.lang.Class, java.lang.Object)[pri:0, instance:com.hotels.beans.base.DefaultsTest@4acc5dff]" started-at="2019-05-26T20:28:21Z" name="testDefaultValueShouldReturnTheExpectedResult" data-provider="dataProvider" finished-at="2019-05-26T20:28:21Z" duration-ms="0" status="PASS">
          <params>
            <param index="0">
              <value>
                <![CDATA[class java.lang.Character]]>
              </value>
            </param>
            <param index="1">
              <value>
                <![CDATA[]]>
              </value>
            </param>
          </params>
          <reporter-output>
          </reporter-output>
        </test-method> <!-- testDefaultValueShouldReturnTheExpectedResult -->
        <test-method signature="testDefaultValueShouldReturnTheExpectedResult(java.lang.Class, java.lang.Object)[pri:0, instance:com.hotels.beans.base.DefaultsTest@4acc5dff]" started-at="2019-05-26T20:28:21Z" name="testDefaultValueShouldReturnTheExpectedResult" data-provider="dataProvider" finished-at="2019-05-26T20:28:21Z" duration-ms="0" status="PASS">
          <params>
            <param index="0">
              <value>
                <![CDATA[byte]]>
              </value>
            </param>
            <param index="1">
              <value>
                <![CDATA[0]]>
              </value>
            </param>
          </params>
          <reporter-output>
          </reporter-output>
        </test-method> <!-- testDefaultValueShouldReturnTheExpectedResult -->
        <test-method signature="testDefaultValueShouldReturnTheExpectedResult(java.lang.Class, java.lang.Object)[pri:0, instance:com.hotels.beans.base.DefaultsTest@4acc5dff]" started-at="2019-05-26T20:28:21Z" name="testDefaultValueShouldReturnTheExpectedResult" data-provider="dataProvider" finished-at="2019-05-26T20:28:21Z" duration-ms="1" status="PASS">
          <params>
            <param index="0">
              <value>
                <![CDATA[class java.lang.Integer]]>
              </value>
            </param>
            <param index="1">
              <value>
                <![CDATA[0]]>
              </value>
            </param>
          </params>
          <reporter-output>
          </reporter-output>
        </test-method> <!-- testDefaultValueShouldReturnTheExpectedResult -->
        <test-method signature="testDefaultValueShouldReturnTheExpectedResult(java.lang.Class, java.lang.Object)[pri:0, instance:com.hotels.beans.base.DefaultsTest@4acc5dff]" started-at="2019-05-26T20:28:21Z" name="testDefaultValueShouldReturnTheExpectedResult" data-provider="dataProvider" finished-at="2019-05-26T20:28:21Z" duration-ms="0" status="PASS">
          <params>
            <param index="0">
              <value>
                <![CDATA[class java.lang.Byte]]>
              </value>
            </param>
            <param index="1">
              <value>
                <![CDATA[0]]>
              </value>
            </param>
          </params>
          <reporter-output>
          </reporter-output>
        </test-method> <!-- testDefaultValueShouldReturnTheExpectedResult -->
        <test-method signature="testDefaultValueShouldReturnTheExpectedResult(java.lang.Class, java.lang.Object)[pri:0, instance:com.hotels.beans.base.DefaultsTest@4acc5dff]" started-at="2019-05-26T20:28:21Z" name="testDefaultValueShouldReturnTheExpectedResult" data-provider="dataProvider" finished-at="2019-05-26T20:28:21Z" duration-ms="1" status="PASS">
          <params>
            <param index="0">
              <value>
                <![CDATA[class java.lang.Short]]>
              </value>
            </param>
            <param index="1">
              <value>
                <![CDATA[0]]>
              </value>
            </param>
          </params>
          <reporter-output>
          </reporter-output>
        </test-method> <!-- testDefaultValueShouldReturnTheExpectedResult -->
        <test-method signature="testDefaultValueShouldReturnTheExpectedResult(java.lang.Class, java.lang.Object)[pri:0, instance:com.hotels.beans.base.DefaultsTest@4acc5dff]" started-at="2019-05-26T20:28:21Z" name="testDefaultValueShouldReturnTheExpectedResult" data-provider="dataProvider" finished-at="2019-05-26T20:28:21Z" duration-ms="0" status="PASS">
          <params>
            <param index="0">
              <value>
                <![CDATA[int]]>
              </value>
            </param>
            <param index="1">
              <value>
                <![CDATA[0]]>
              </value>
            </param>
          </params>
          <reporter-output>
          </reporter-output>
        </test-method> <!-- testDefaultValueShouldReturnTheExpectedResult -->
        <test-method signature="testDefaultValueShouldReturnTheExpectedResult(java.lang.Class, java.lang.Object)[pri:0, instance:com.hotels.beans.base.DefaultsTest@4acc5dff]" started-at="2019-05-26T20:28:21Z" name="testDefaultValueShouldReturnTheExpectedResult" data-provider="dataProvider" finished-at="2019-05-26T20:28:21Z" duration-ms="1" status="PASS">
          <params>
            <param index="0">
              <value>
                <![CDATA[class java.lang.Long]]>
              </value>
            </param>
            <param index="1">
              <value>
                <![CDATA[0]]>
              </value>
            </param>
          </params>
          <reporter-output>
          </reporter-output>
        </test-method> <!-- testDefaultValueShouldReturnTheExpectedResult -->
        <test-method signature="testDefaultValueShouldReturnTheExpectedResult(java.lang.Class, java.lang.Object)[pri:0, instance:com.hotels.beans.base.DefaultsTest@4acc5dff]" started-at="2019-05-26T20:28:21Z" name="testDefaultValueShouldReturnTheExpectedResult" data-provider="dataProvider" finished-at="2019-05-26T20:28:21Z" duration-ms="0" status="PASS">
          <params>
            <param index="0">
              <value>
                <![CDATA[short]]>
              </value>
            </param>
            <param index="1">
              <value>
                <![CDATA[0]]>
              </value>
            </param>
          </params>
          <reporter-output>
          </reporter-output>
        </test-method> <!-- testDefaultValueShouldReturnTheExpectedResult -->
        <test-method signature="testDefaultValueShouldReturnTheExpectedResult(java.lang.Class, java.lang.Object)[pri:0, instance:com.hotels.beans.base.DefaultsTest@4acc5dff]" started-at="2019-05-26T20:28:21Z" name="testDefaultValueShouldReturnTheExpectedResult" data-provider="dataProvider" finished-at="2019-05-26T20:28:21Z" duration-ms="1" status="PASS">
          <params>
            <param index="0">
              <value>
                <![CDATA[class java.lang.Float]]>
              </value>
            </param>
            <param index="1">
              <value>
                <![CDATA[0.0]]>
              </value>
            </param>
          </params>
          <reporter-output>
          </reporter-output>
        </test-method> <!-- testDefaultValueShouldReturnTheExpectedResult -->
        <test-method signature="testDefaultValueShouldReturnTheExpectedResult(java.lang.Class, java.lang.Object)[pri:0, instance:com.hotels.beans.base.DefaultsTest@4acc5dff]" started-at="2019-05-26T20:28:21Z" name="testDefaultValueShouldReturnTheExpectedResult" data-provider="dataProvider" finished-at="2019-05-26T20:28:21Z" duration-ms="0" status="PASS">
          <params>
            <param index="0">
              <value>
                <![CDATA[long]]>
              </value>
            </param>
            <param index="1">
              <value>
                <![CDATA[0]]>
              </value>
            </param>
          </params>
          <reporter-output>
          </reporter-output>
        </test-method> <!-- testDefaultValueShouldReturnTheExpectedResult -->
        <test-method signature="testDefaultValueShouldReturnTheExpectedResult(java.lang.Class, java.lang.Object)[pri:0, instance:com.hotels.beans.base.DefaultsTest@4acc5dff]" started-at="2019-05-26T20:28:21Z" name="testDefaultValueShouldReturnTheExpectedResult" data-provider="dataProvider" finished-at="2019-05-26T20:28:21Z" duration-ms="3" status="PASS">
          <params>
            <param index="0">
              <value>
                <![CDATA[float]]>
              </value>
            </param>
            <param index="1">
              <value>
                <![CDATA[0.0]]>
              </value>
            </param>
          </params>
          <reporter-output>
          </reporter-output>
        </test-method> <!-- testDefaultValueShouldReturnTheExpectedResult -->
        <test-method signature="testDefaultValueShouldReturnTheExpectedResult(java.lang.Class, java.lang.Object)[pri:0, instance:com.hotels.beans.base.DefaultsTest@4acc5dff]" started-at="2019-05-26T20:28:21Z" name="testDefaultValueShouldReturnTheExpectedResult" data-provider="dataProvider" finished-at="2019-05-26T20:28:21Z" duration-ms="1" status="PASS">
          <params>
            <param index="0">
              <value>
                <![CDATA[class java.lang.Double]]>
              </value>
            </param>
            <param index="1">
              <value>
                <![CDATA[0.0]]>
              </value>
            </param>
          </params>
          <reporter-output>
          </reporter-output>
        </test-method> <!-- testDefaultValueShouldReturnTheExpectedResult -->
        <test-method signature="testDefaultValueShouldReturnTheExpectedResult(java.lang.Class, java.lang.Object)[pri:0, instance:com.hotels.beans.base.DefaultsTest@4acc5dff]" started-at="2019-05-26T20:28:21Z" name="testDefaultValueShouldReturnTheExpectedResult" data-provider="dataProvider" finished-at="2019-05-26T20:28:21Z" duration-ms="1" status="PASS">
          <params>
            <param index="0">
              <value>
                <![CDATA[double]]>
              </value>
            </param>
            <param index="1">
              <value>
                <![CDATA[0.0]]>
              </value>
            </param>
          </params>
          <reporter-output>
          </reporter-output>
        </test-method> <!-- testDefaultValueShouldReturnTheExpectedResult -->
        <test-method signature="testDefaultValueShouldReturnTheExpectedResult(java.lang.Class, java.lang.Object)[pri:0, instance:com.hotels.beans.base.DefaultsTest@4acc5dff]" started-at="2019-05-26T20:28:21Z" name="testDefaultValueShouldReturnTheExpectedResult" data-provider="dataProvider" finished-at="2019-05-26T20:28:21Z" duration-ms="0" status="PASS">
          <params>
            <param index="0">
              <value>
                <![CDATA[class com.hotels.beans.sample.FromFoo]]>
              </value>
            </param>
            <param index="1">
              <value is-null="true"/>
            </param>
          </params>
          <reporter-output>
          </reporter-output>
        </test-method> <!-- testDefaultValueShouldReturnTheExpectedResult -->
      </class> <!-- com.hotels.beans.base.DefaultsTest -->
      <class name="com.hotels.beans.validator.ValidatorTest">
        <test-method is-config="true" signature="beforeClass()[pri:0, instance:com.hotels.beans.validator.ValidatorTest@188ac8a3]" started-at="2019-05-26T20:28:16Z" name="beforeClass" finished-at="2019-05-26T20:28:18Z" duration-ms="1508" status="PASS">
          <reporter-output>
          </reporter-output>
        </test-method> <!-- beforeClass -->
        <test-method signature="testGetConstraintViolationsWorksAsExpected(java.lang.String, java.lang.Object, int)[pri:0, instance:com.hotels.beans.validator.ValidatorTest@188ac8a3]" started-at="2019-05-26T20:28:18Z" name="testGetConstraintViolationsWorksAsExpected" data-provider="dataValidationConstraintsList" finished-at="2019-05-26T20:28:19Z" duration-ms="1396" status="PASS">
          <params>
            <param index="0">
              <value>
                <![CDATA[Tests that no constraints violation are returned if the object is valid.]]>
              </value>
            </param>
            <param index="1">
              <value>
                <![CDATA[MixedToFoo]]>
              </value>
            </param>
            <param index="2">
              <value>
                <![CDATA[0]]>
              </value>
            </param>
          </params>
          <reporter-output>
          </reporter-output>
        </test-method> <!-- testGetConstraintViolationsWorksAsExpected -->
        <test-method signature="testGetConstraintViolationsWorksAsExpected(java.lang.String, java.lang.Object, int)[pri:0, instance:com.hotels.beans.validator.ValidatorTest@188ac8a3]" started-at="2019-05-26T20:28:19Z" name="testGetConstraintViolationsWorksAsExpected" data-provider="dataValidationConstraintsList" finished-at="2019-05-26T20:28:19Z" duration-ms="62" status="PASS">
          <params>
            <param index="0">
              <value>
                <![CDATA[Tests that one constraints violation is returned if the object id is null.]]>
              </value>
            </param>
            <param index="1">
              <value>
                <![CDATA[MixedToFoo]]>
              </value>
            </param>
            <param index="2">
              <value>
                <![CDATA[1]]>
              </value>
            </param>
          </params>
          <reporter-output>
          </reporter-output>
        </test-method> <!-- testGetConstraintViolationsWorksAsExpected -->
        <test-method signature="testNotNullRaisesAnExceptionWhenTheGivenObjectIsNull(java.lang.String, java.lang.Object, java.lang.String)[pri:0, instance:com.hotels.beans.validator.ValidatorTest@188ac8a3]" started-at="2019-05-26T20:28:19Z" name="testNotNullRaisesAnExceptionWhenTheGivenObjectIsNull" data-provider="dataIllegalArgumentExceptionTesting" finished-at="2019-05-26T20:28:19Z" duration-ms="0" status="PASS">
          <params>
            <param index="0">
              <value>
                <![CDATA[Tests that the method raise an exception if the given parameter is null and a description message is defined]]>
              </value>
            </param>
            <param index="1">
              <value is-null="true"/>
            </param>
            <param index="2">
              <value>
                <![CDATA[exception message]]>
              </value>
            </param>
          </params>
          <exception class="java.lang.IllegalArgumentException">
            <message>
              <![CDATA[exception message]]>
            </message>
            <full-stacktrace>
              <![CDATA[java.lang.IllegalArgumentException: exception message
at com.hotels.beans.validator.Validator.notNull(Validator.java:78)
at com.hotels.beans.validator.ValidatorTest.testNotNullRaisesAnExceptionWhenTheGivenObjectIsNull(ValidatorTest.java:88)
at java.base/jdk.internal.reflect.NativeMethodAccessorImpl.invoke0(Native Method)
at java.base/jdk.internal.reflect.NativeMethodAccessorImpl.invoke(NativeMethodAccessorImpl.java:62)
at java.base/jdk.internal.reflect.DelegatingMethodAccessorImpl.invoke(DelegatingMethodAccessorImpl.java:43)
at java.base/java.lang.reflect.Method.invoke(Method.java:566)
at org.testng.internal.MethodInvocationHelper.invokeMethod(MethodInvocationHelper.java:124)
at org.testng.internal.Invoker.invokeMethod(Invoker.java:583)
at org.testng.internal.Invoker.invokeTestMethod(Invoker.java:719)
at org.testng.internal.Invoker.invokeTestMethods(Invoker.java:989)
at org.testng.internal.TestMethodWorker.invokeTestMethods(TestMethodWorker.java:125)
at org.testng.internal.TestMethodWorker.run(TestMethodWorker.java:109)
at org.testng.TestRunner.privateRun(TestRunner.java:648)
at org.testng.TestRunner.run(TestRunner.java:505)
at org.testng.SuiteRunner.runTest(SuiteRunner.java:455)
at org.testng.SuiteRunner.runSequentially(SuiteRunner.java:450)
at org.testng.SuiteRunner.privateRun(SuiteRunner.java:415)
at org.testng.SuiteRunner.run(SuiteRunner.java:364)
at org.testng.SuiteRunnerWorker.runSuite(SuiteRunnerWorker.java:52)
at org.testng.SuiteRunnerWorker.run(SuiteRunnerWorker.java:84)
at org.testng.TestNG.runSuitesSequentially(TestNG.java:1208)
at org.testng.TestNG.runSuitesLocally(TestNG.java:1137)
at org.testng.TestNG.runSuites(TestNG.java:1049)
at org.testng.TestNG.run(TestNG.java:1017)
at org.apache.maven.surefire.testng.TestNGExecutor.run(TestNGExecutor.java:135)
at org.apache.maven.surefire.testng.TestNGDirectoryTestSuite.executeMulti(TestNGDirectoryTestSuite.java:193)
at org.apache.maven.surefire.testng.TestNGDirectoryTestSuite.execute(TestNGDirectoryTestSuite.java:94)
at org.apache.maven.surefire.testng.TestNGProvider.invoke(TestNGProvider.java:146)
at org.apache.maven.surefire.booter.ForkedBooter.invokeProviderInSameClassLoader(ForkedBooter.java:383)
at org.apache.maven.surefire.booter.ForkedBooter.runSuitesInProcess(ForkedBooter.java:344)
at org.apache.maven.surefire.booter.ForkedBooter.execute(ForkedBooter.java:125)
at org.apache.maven.surefire.booter.ForkedBooter.main(ForkedBooter.java:417)
]]>
            </full-stacktrace>
          </exception> <!-- java.lang.IllegalArgumentException -->
          <reporter-output>
          </reporter-output>
        </test-method> <!-- testNotNullRaisesAnExceptionWhenTheGivenObjectIsNull -->
        <test-method signature="testNotNullRaisesAnExceptionWhenTheGivenObjectIsNull(java.lang.String, java.lang.Object, java.lang.String)[pri:0, instance:com.hotels.beans.validator.ValidatorTest@188ac8a3]" started-at="2019-05-26T20:28:19Z" name="testNotNullRaisesAnExceptionWhenTheGivenObjectIsNull" data-provider="dataIllegalArgumentExceptionTesting" finished-at="2019-05-26T20:28:19Z" duration-ms="0" status="PASS">
          <params>
            <param index="0">
              <value>
                <![CDATA[Tests that the method raise an exception if the given parameter is null and a description message is not defined]]>
              </value>
            </param>
            <param index="1">
              <value is-null="true"/>
            </param>
            <param index="2">
              <value is-null="true"/>
            </param>
          </params>
          <exception class="java.lang.IllegalArgumentException">
            <full-stacktrace>
              <![CDATA[java.lang.IllegalArgumentException
at com.hotels.beans.validator.Validator.notNull(Validator.java:64)
at com.hotels.beans.validator.ValidatorTest.testNotNullRaisesAnExceptionWhenTheGivenObjectIsNull(ValidatorTest.java:90)
at java.base/jdk.internal.reflect.NativeMethodAccessorImpl.invoke0(Native Method)
at java.base/jdk.internal.reflect.NativeMethodAccessorImpl.invoke(NativeMethodAccessorImpl.java:62)
at java.base/jdk.internal.reflect.DelegatingMethodAccessorImpl.invoke(DelegatingMethodAccessorImpl.java:43)
at java.base/java.lang.reflect.Method.invoke(Method.java:566)
at org.testng.internal.MethodInvocationHelper.invokeMethod(MethodInvocationHelper.java:124)
at org.testng.internal.Invoker.invokeMethod(Invoker.java:583)
at org.testng.internal.Invoker.invokeTestMethod(Invoker.java:719)
at org.testng.internal.Invoker.invokeTestMethods(Invoker.java:989)
at org.testng.internal.TestMethodWorker.invokeTestMethods(TestMethodWorker.java:125)
at org.testng.internal.TestMethodWorker.run(TestMethodWorker.java:109)
at org.testng.TestRunner.privateRun(TestRunner.java:648)
at org.testng.TestRunner.run(TestRunner.java:505)
at org.testng.SuiteRunner.runTest(SuiteRunner.java:455)
at org.testng.SuiteRunner.runSequentially(SuiteRunner.java:450)
at org.testng.SuiteRunner.privateRun(SuiteRunner.java:415)
at org.testng.SuiteRunner.run(SuiteRunner.java:364)
at org.testng.SuiteRunnerWorker.runSuite(SuiteRunnerWorker.java:52)
at org.testng.SuiteRunnerWorker.run(SuiteRunnerWorker.java:84)
at org.testng.TestNG.runSuitesSequentially(TestNG.java:1208)
at org.testng.TestNG.runSuitesLocally(TestNG.java:1137)
at org.testng.TestNG.runSuites(TestNG.java:1049)
at org.testng.TestNG.run(TestNG.java:1017)
at org.apache.maven.surefire.testng.TestNGExecutor.run(TestNGExecutor.java:135)
at org.apache.maven.surefire.testng.TestNGDirectoryTestSuite.executeMulti(TestNGDirectoryTestSuite.java:193)
at org.apache.maven.surefire.testng.TestNGDirectoryTestSuite.execute(TestNGDirectoryTestSuite.java:94)
at org.apache.maven.surefire.testng.TestNGProvider.invoke(TestNGProvider.java:146)
at org.apache.maven.surefire.booter.ForkedBooter.invokeProviderInSameClassLoader(ForkedBooter.java:383)
at org.apache.maven.surefire.booter.ForkedBooter.runSuitesInProcess(ForkedBooter.java:344)
at org.apache.maven.surefire.booter.ForkedBooter.execute(ForkedBooter.java:125)
at org.apache.maven.surefire.booter.ForkedBooter.main(ForkedBooter.java:417)
]]>
            </full-stacktrace>
          </exception> <!-- java.lang.IllegalArgumentException -->
          <reporter-output>
          </reporter-output>
        </test-method> <!-- testNotNullRaisesAnExceptionWhenTheGivenObjectIsNull -->
        <test-method signature="testThatNoExceptionAreThrownWhenTheGivenObjectIsNotNullEvenWithoutACustomMessage(java.lang.String, java.lang.Object, java.lang.String)[pri:0, instance:com.hotels.beans.validator.ValidatorTest@188ac8a3]" started-at="2019-05-26T20:28:19Z" name="testThatNoExceptionAreThrownWhenTheGivenObjectIsNotNullEvenWithoutACustomMessage" data-provider="dataNoExceptionAreRaisedTesting" finished-at="2019-05-26T20:28:19Z" duration-ms="0" status="PASS">
          <params>
            <param index="0">
              <value>
                <![CDATA[Tests that the method does not raise an exception if the given parameter is not null and a description message is defined]]>
              </value>
            </param>
            <param index="1">
              <value>
                <![CDATA[val]]>
              </value>
            </param>
            <param index="2">
              <value>
                <![CDATA[exception message]]>
              </value>
            </param>
          </params>
          <reporter-output>
          </reporter-output>
        </test-method> <!-- testThatNoExceptionAreThrownWhenTheGivenObjectIsNotNullEvenWithoutACustomMessage -->
        <test-method signature="testThatNoExceptionAreThrownWhenTheGivenObjectIsNotNullEvenWithoutACustomMessage(java.lang.String, java.lang.Object, java.lang.String)[pri:0, instance:com.hotels.beans.validator.ValidatorTest@188ac8a3]" started-at="2019-05-26T20:28:19Z" name="testThatNoExceptionAreThrownWhenTheGivenObjectIsNotNullEvenWithoutACustomMessage" data-provider="dataNoExceptionAreRaisedTesting" finished-at="2019-05-26T20:28:19Z" duration-ms="0" status="PASS">
          <params>
            <param index="0">
              <value>
                <![CDATA[Tests that the method does not raise an exception if the given parameter is not null and a description message is not defined]]>
              </value>
            </param>
            <param index="1">
              <value>
                <![CDATA[val]]>
              </value>
            </param>
            <param index="2">
              <value is-null="true"/>
            </param>
          </params>
          <reporter-output>
          </reporter-output>
        </test-method> <!-- testThatNoExceptionAreThrownWhenTheGivenObjectIsNotNullEvenWithoutACustomMessage -->
        <test-method signature="testValidateDoesNotThrowsExceptionWhenTheBeanIsValid()[pri:0, instance:com.hotels.beans.validator.ValidatorTest@188ac8a3]" started-at="2019-05-26T20:28:19Z" name="testValidateDoesNotThrowsExceptionWhenTheBeanIsValid" finished-at="2019-05-26T20:28:19Z" duration-ms="0" status="PASS">
          <reporter-output>
          </reporter-output>
        </test-method> <!-- testValidateDoesNotThrowsExceptionWhenTheBeanIsValid -->
        <test-method signature="testValidateThrowsExceptionWhenTheBeanIsInvalid()[pri:0, instance:com.hotels.beans.validator.ValidatorTest@188ac8a3]" started-at="2019-05-26T20:28:19Z" name="testValidateThrowsExceptionWhenTheBeanIsInvalid" finished-at="2019-05-26T20:28:19Z" duration-ms="3" status="PASS">
          <exception class="com.hotels.beans.error.InvalidBeanException">
            <message>
              <![CDATA[com.hotels.beans.sample.mixed.MixedToFoo.id must not be null]]>
            </message>
            <full-stacktrace>
              <![CDATA[com.hotels.beans.error.InvalidBeanException: com.hotels.beans.sample.mixed.MixedToFoo.id must not be null
at com.hotels.beans.validator.ValidatorImpl.validate(ValidatorImpl.java:91)
at com.hotels.beans.validator.ValidatorTest.testValidateThrowsExceptionWhenTheBeanIsInvalid(ValidatorTest.java:146)
at java.base/jdk.internal.reflect.NativeMethodAccessorImpl.invoke0(Native Method)
at java.base/jdk.internal.reflect.NativeMethodAccessorImpl.invoke(NativeMethodAccessorImpl.java:62)
at java.base/jdk.internal.reflect.DelegatingMethodAccessorImpl.invoke(DelegatingMethodAccessorImpl.java:43)
at java.base/java.lang.reflect.Method.invoke(Method.java:566)
at org.testng.internal.MethodInvocationHelper.invokeMethod(MethodInvocationHelper.java:124)
at org.testng.internal.Invoker.invokeMethod(Invoker.java:583)
at org.testng.internal.Invoker.invokeTestMethod(Invoker.java:719)
at org.testng.internal.Invoker.invokeTestMethods(Invoker.java:989)
at org.testng.internal.TestMethodWorker.invokeTestMethods(TestMethodWorker.java:125)
at org.testng.internal.TestMethodWorker.run(TestMethodWorker.java:109)
at org.testng.TestRunner.privateRun(TestRunner.java:648)
at org.testng.TestRunner.run(TestRunner.java:505)
at org.testng.SuiteRunner.runTest(SuiteRunner.java:455)
at org.testng.SuiteRunner.runSequentially(SuiteRunner.java:450)
at org.testng.SuiteRunner.privateRun(SuiteRunner.java:415)
at org.testng.SuiteRunner.run(SuiteRunner.java:364)
at org.testng.SuiteRunnerWorker.runSuite(SuiteRunnerWorker.java:52)
at org.testng.SuiteRunnerWorker.run(SuiteRunnerWorker.java:84)
at org.testng.TestNG.runSuitesSequentially(TestNG.java:1208)
at org.testng.TestNG.runSuitesLocally(TestNG.java:1137)
at org.testng.TestNG.runSuites(TestNG.java:1049)
at org.testng.TestNG.run(TestNG.java:1017)
at org.apache.maven.surefire.testng.TestNGExecutor.run(TestNGExecutor.java:135)
at org.apache.maven.surefire.testng.TestNGDirectoryTestSuite.executeMulti(TestNGDirectoryTestSuite.java:193)
at org.apache.maven.surefire.testng.TestNGDirectoryTestSuite.execute(TestNGDirectoryTestSuite.java:94)
at org.apache.maven.surefire.testng.TestNGProvider.invoke(TestNGProvider.java:146)
at org.apache.maven.surefire.booter.ForkedBooter.invokeProviderInSameClassLoader(ForkedBooter.java:383)
at org.apache.maven.surefire.booter.ForkedBooter.runSuitesInProcess(ForkedBooter.java:344)
at org.apache.maven.surefire.booter.ForkedBooter.execute(ForkedBooter.java:125)
at org.apache.maven.surefire.booter.ForkedBooter.main(ForkedBooter.java:417)
]]>
            </full-stacktrace>
          </exception> <!-- com.hotels.beans.error.InvalidBeanException -->
          <reporter-output>
          </reporter-output>
        </test-method> <!-- testValidateThrowsExceptionWhenTheBeanIsInvalid -->
      </class> <!-- com.hotels.beans.validator.ValidatorTest -->
      <class name="com.hotels.beans.utils.ClassUtilsTest">
        <test-method is-config="true" signature="beforeClass()[pri:0, instance:com.hotels.beans.utils.ClassUtilsTest@340a8894]" started-at="2019-05-26T20:28:19Z" name="beforeClass" finished-at="2019-05-26T20:28:19Z" duration-ms="17" status="PASS">
          <reporter-output>
          </reporter-output>
        </test-method> <!-- beforeClass -->
        <test-method signature="testAllParameterAnnotatedWithWorksAsExpected(java.lang.String, java.lang.Class, boolean)[pri:0, instance:com.hotels.beans.utils.ClassUtilsTest@340a8894]" started-at="2019-05-26T20:28:19Z" name="testAllParameterAnnotatedWithWorksAsExpected" data-provider="dataNotAllParameterAnnotatedWithTesting" finished-at="2019-05-26T20:28:19Z" duration-ms="20" status="PASS">
          <params>
            <param index="0">
              <value>
                <![CDATA[Tests that the method returns true if all constructor's parameter are annotated with @ConstructorArg]]>
              </value>
            </param>
            <param index="1">
              <value>
                <![CDATA[interface com.hotels.beans.annotation.ConstructorArg]]>
              </value>
            </param>
            <param index="2">
              <value>
                <![CDATA[true]]>
              </value>
            </param>
          </params>
          <reporter-output>
          </reporter-output>
        </test-method> <!-- testAllParameterAnnotatedWithWorksAsExpected -->
        <test-method signature="testAllParameterAnnotatedWithWorksAsExpected(java.lang.String, java.lang.Class, boolean)[pri:0, instance:com.hotels.beans.utils.ClassUtilsTest@340a8894]" started-at="2019-05-26T20:28:19Z" name="testAllParameterAnnotatedWithWorksAsExpected" data-provider="dataNotAllParameterAnnotatedWithTesting" finished-at="2019-05-26T20:28:19Z" duration-ms="0" status="PASS">
          <params>
            <param index="0">
              <value>
                <![CDATA[Tests that the method returns false if not all constructor's parameter are annotated with @NotNull]]>
              </value>
            </param>
            <param index="1">
              <value>
                <![CDATA[interface javax.validation.constraints.NotNull]]>
              </value>
            </param>
            <param index="2">
              <value>
                <![CDATA[false]]>
              </value>
            </param>
          </params>
          <reporter-output>
          </reporter-output>
        </test-method> <!-- testAllParameterAnnotatedWithWorksAsExpected -->
        <test-method signature="testAreParameterNamesAvailableWorksAsExpected(java.lang.String, java.lang.reflect.Constructor, boolean)[pri:0, instance:com.hotels.beans.utils.ClassUtilsTest@340a8894]" started-at="2019-05-26T20:28:20Z" name="testAreParameterNamesAvailableWorksAsExpected" data-provider="dataAreParameterNamesAvailableTesting" finished-at="2019-05-26T20:28:20Z" duration-ms="42" status="PASS">
          <params>
            <param index="0">
              <value>
                <![CDATA[Tests that the method returns false if the constructor parameter names are not available]]>
              </value>
            </param>
            <param index="1">
              <value>
                <![CDATA[Mock for Constructor, hashCode: 1901260342]]>
              </value>
            </param>
            <param index="2">
              <value>
                <![CDATA[false]]>
              </value>
            </param>
          </params>
          <reporter-output>
          </reporter-output>
        </test-method> <!-- testAreParameterNamesAvailableWorksAsExpected -->
        <test-method signature="testAreParameterNamesAvailableWorksAsExpected(java.lang.String, java.lang.reflect.Constructor, boolean)[pri:0, instance:com.hotels.beans.utils.ClassUtilsTest@340a8894]" started-at="2019-05-26T20:28:20Z" name="testAreParameterNamesAvailableWorksAsExpected" data-provider="dataAreParameterNamesAvailableTesting" finished-at="2019-05-26T20:28:20Z" duration-ms="1" status="PASS">
          <params>
            <param index="0">
              <value>
                <![CDATA[Tests that the method returns false if the constructor parameter names are available]]>
              </value>
            </param>
            <param index="1">
              <value>
                <![CDATA[public com.hotels.beans.sample.mixed.MixedToFoo(java.math.BigInteger,java.lang.String,java.util.List,java.util.List,com.hotels.beans.sample.immutable.ImmutableToSubFoo)]]>
              </value>
            </param>
            <param index="2">
              <value>
                <![CDATA[true]]>
              </value>
            </param>
          </params>
          <reporter-output>
          </reporter-output>
        </test-method> <!-- testAreParameterNamesAvailableWorksAsExpected -->
        <test-method signature="testContainsAnnotationWorksAsExpected(java.lang.String, java.lang.Class, boolean)[pri:0, instance:com.hotels.beans.utils.ClassUtilsTest@340a8894]" started-at="2019-05-26T20:28:20Z" name="testContainsAnnotationWorksAsExpected" data-provider="dataContainsAnnotationTesting" finished-at="2019-05-26T20:28:20Z" duration-ms="5" status="PASS">
          <params>
            <param index="0">
              <value>
                <![CDATA[Tests that the method returns true if the constructor contains parameters annotated with @ConstructorArg]]>
              </value>
            </param>
            <param index="1">
              <value>
                <![CDATA[interface com.hotels.beans.annotation.ConstructorArg]]>
              </value>
            </param>
            <param index="2">
              <value>
                <![CDATA[true]]>
              </value>
            </param>
          </params>
          <reporter-output>
          </reporter-output>
        </test-method> <!-- testContainsAnnotationWorksAsExpected -->
        <test-method signature="testContainsAnnotationWorksAsExpected(java.lang.String, java.lang.Class, boolean)[pri:0, instance:com.hotels.beans.utils.ClassUtilsTest@340a8894]" started-at="2019-05-26T20:28:20Z" name="testContainsAnnotationWorksAsExpected" data-provider="dataContainsAnnotationTesting" finished-at="2019-05-26T20:28:20Z" duration-ms="1" status="PASS">
          <params>
            <param index="0">
              <value>
                <![CDATA[Tests that the method returns false if the constructor does not contain parameters annotated with @NotNull]]>
              </value>
            </param>
            <param index="1">
              <value>
                <![CDATA[interface javax.validation.constraints.NotNull]]>
              </value>
            </param>
            <param index="2">
              <value>
                <![CDATA[false]]>
              </value>
            </param>
          </params>
          <reporter-output>
          </reporter-output>
        </test-method> <!-- testContainsAnnotationWorksAsExpected -->
        <test-method signature="testGetAllArgsConstructorWorksAsExpected()[pri:0, instance:com.hotels.beans.utils.ClassUtilsTest@340a8894]" started-at="2019-05-26T20:28:20Z" name="testGetAllArgsConstructorWorksAsExpected" finished-at="2019-05-26T20:28:20Z" duration-ms="1" status="PASS">
          <reporter-output>
          </reporter-output>
        </test-method> <!-- testGetAllArgsConstructorWorksAsExpected -->
        <test-method signature="testGetClassTypeWorksAsExpected(java.lang.String, java.lang.Class, com.hotels.beans.constant.ClassType)[pri:0, instance:com.hotels.beans.utils.ClassUtilsTest@340a8894]" started-at="2019-05-26T20:28:20Z" name="testGetClassTypeWorksAsExpected" data-provider="dataGetClassTypeTesting" finished-at="2019-05-26T20:28:20Z" duration-ms="32" status="PASS">
          <params>
            <param index="0">
              <value>
                <![CDATA[Tests that the method returns immutable if the given class is immutable]]>
              </value>
            </param>
            <param index="1">
              <value>
                <![CDATA[class com.hotels.beans.sample.immutable.ImmutableToFoo]]>
              </value>
            </param>
            <param index="2">
              <value>
                <![CDATA[IMMUTABLE]]>
              </value>
            </param>
          </params>
          <reporter-output>
          </reporter-output>
        </test-method> <!-- testGetClassTypeWorksAsExpected -->
        <test-method signature="testGetClassTypeWorksAsExpected(java.lang.String, java.lang.Class, com.hotels.beans.constant.ClassType)[pri:0, instance:com.hotels.beans.utils.ClassUtilsTest@340a8894]" started-at="2019-05-26T20:28:20Z" name="testGetClassTypeWorksAsExpected" data-provider="dataGetClassTypeTesting" finished-at="2019-05-26T20:28:20Z" duration-ms="2" status="PASS">
          <params>
            <param index="0">
              <value>
                <![CDATA[Tests that the method returns mutable if the given class is mutable]]>
              </value>
            </param>
            <param index="1">
              <value>
                <![CDATA[class com.hotels.beans.sample.mutable.MutableToFoo]]>
              </value>
            </param>
            <param index="2">
              <value>
                <![CDATA[MUTABLE]]>
              </value>
            </param>
          </params>
          <reporter-output>
          </reporter-output>
        </test-method> <!-- testGetClassTypeWorksAsExpected -->
        <test-method signature="testGetClassTypeWorksAsExpected(java.lang.String, java.lang.Class, com.hotels.beans.constant.ClassType)[pri:0, instance:com.hotels.beans.utils.ClassUtilsTest@340a8894]" started-at="2019-05-26T20:28:20Z" name="testGetClassTypeWorksAsExpected" data-provider="dataGetClassTypeTesting" finished-at="2019-05-26T20:28:20Z" duration-ms="1" status="PASS">
          <params>
            <param index="0">
              <value>
                <![CDATA[Tests that the method returns mixed if the given class contains both final and not fields]]>
              </value>
            </param>
            <param index="1">
              <value>
                <![CDATA[class com.hotels.beans.sample.mixed.MixedToFoo]]>
              </value>
            </param>
            <param index="2">
              <value>
                <![CDATA[MIXED]]>
              </value>
            </param>
          </params>
          <reporter-output>
          </reporter-output>
        </test-method> <!-- testGetClassTypeWorksAsExpected -->
        <test-method signature="testGetConstructorParameters()[pri:0, instance:com.hotels.beans.utils.ClassUtilsTest@340a8894]" started-at="2019-05-26T20:28:20Z" name="testGetConstructorParameters" finished-at="2019-05-26T20:28:20Z" duration-ms="1" status="PASS">
          <reporter-output>
          </reporter-output>
        </test-method> <!-- testGetConstructorParameters -->
        <test-method signature="testGetDeclaredClassesWorksAsExpected(java.lang.String, java.lang.Class, java.lang.Class)[pri:0, instance:com.hotels.beans.utils.ClassUtilsTest@340a8894]" started-at="2019-05-26T20:28:20Z" name="testGetDeclaredClassesWorksAsExpected" data-provider="dataGetDeclaredClassesTesting" finished-at="2019-05-26T20:28:21Z" duration-ms="48" status="PASS">
          <params>
            <param index="0">
              <value>
                <![CDATA[Test that the a manual declared Builder is returned by method: {@code getDeclaredClasses}]]>
              </value>
            </param>
            <param index="1">
              <value>
                <![CDATA[class com.hotels.beans.sample.mutable.MutableToFooWithBuilder]]>
              </value>
            </param>
            <param index="2">
              <value>
                <![CDATA[class com.hotels.beans.sample.mutable.MutableToFooWithBuilder$Builder]]>
              </value>
            </param>
          </params>
          <reporter-output>
          </reporter-output>
        </test-method> <!-- testGetDeclaredClassesWorksAsExpected -->
        <test-method signature="testGetDeclaredClassesWorksAsExpected(java.lang.String, java.lang.Class, java.lang.Class)[pri:0, instance:com.hotels.beans.utils.ClassUtilsTest@340a8894]" started-at="2019-05-26T20:28:21Z" name="testGetDeclaredClassesWorksAsExpected" data-provider="dataGetDeclaredClassesTesting" finished-at="2019-05-26T20:28:21Z" duration-ms="1" status="PASS">
          <params>
            <param index="0">
              <value>
                <![CDATA[Test that the a Builder created by lombok is returned by method: {@code getDeclaredClasses}]]>
              </value>
            </param>
            <param index="1">
              <value>
                <![CDATA[class com.hotels.beans.sample.mixed.MixedToFooWithBuilder]]>
              </value>
            </param>
            <param index="2">
              <value>
                <![CDATA[class com.hotels.beans.sample.mixed.MixedToFooWithBuilder$MixedToFooWithBuilderBuilder]]>
              </value>
            </param>
          </params>
          <reporter-output>
          </reporter-output>
        </test-method> <!-- testGetDeclaredClassesWorksAsExpected -->
        <test-method signature="testGetDeclaredFieldsWorksAsExpected(java.lang.String, java.lang.Class, boolean, int)[pri:0, instance:com.hotels.beans.utils.ClassUtilsTest@340a8894]" started-at="2019-05-26T20:28:21Z" name="testGetDeclaredFieldsWorksAsExpected" data-provider="dataGetDeclaredFieldsTesting" finished-at="2019-05-26T20:28:21Z" duration-ms="9" status="PASS">
          <params>
            <param index="0">
              <value>
                <![CDATA[Tests that the method returns the expected total number of fields when the skipStatic param is true]]>
              </value>
            </param>
            <param index="1">
              <value>
                <![CDATA[class com.hotels.beans.sample.mixed.MixedToFooStaticField]]>
              </value>
            </param>
            <param index="2">
              <value>
                <![CDATA[true]]>
              </value>
            </param>
            <param index="3">
              <value>
                <![CDATA[1]]>
              </value>
            </param>
          </params>
          <reporter-output>
          </reporter-output>
        </test-method> <!-- testGetDeclaredFieldsWorksAsExpected -->
        <test-method signature="testGetDeclaredFieldsWorksAsExpected(java.lang.String, java.lang.Class, boolean, int)[pri:0, instance:com.hotels.beans.utils.ClassUtilsTest@340a8894]" started-at="2019-05-26T20:28:21Z" name="testGetDeclaredFieldsWorksAsExpected" data-provider="dataGetDeclaredFieldsTesting" finished-at="2019-05-26T20:28:21Z" duration-ms="1" status="PASS">
          <params>
            <param index="0">
              <value>
                <![CDATA[Tests that the method returns the expected value if the class has private final fields only]]>
              </value>
            </param>
            <param index="1">
              <value>
                <![CDATA[class com.hotels.beans.sample.mixed.MixedToFooStaticField]]>
              </value>
            </param>
            <param index="2">
              <value>
                <![CDATA[false]]>
              </value>
            </param>
            <param index="3">
              <value>
                <![CDATA[3]]>
              </value>
            </param>
          </params>
          <reporter-output>
          </reporter-output>
        </test-method> <!-- testGetDeclaredFieldsWorksAsExpected -->
        <test-method signature="testGetDeclaredFieldsWorksAsExpected(java.lang.String, java.lang.Class, boolean, int)[pri:0, instance:com.hotels.beans.utils.ClassUtilsTest@340a8894]" started-at="2019-05-26T20:28:21Z" name="testGetDeclaredFieldsWorksAsExpected" data-provider="dataGetDeclaredFieldsTesting" finished-at="2019-05-26T20:28:21Z" duration-ms="1" status="PASS">
          <params>
            <param index="0">
              <value>
                <![CDATA[Tests that the method returns the expected total number of fields when the skipStatic param is true and the class extends another class]]>
              </value>
            </param>
            <param index="1">
              <value>
                <![CDATA[class com.hotels.beans.sample.immutable.ImmutableToFooSubClass]]>
              </value>
            </param>
            <param index="2">
              <value>
                <![CDATA[true]]>
              </value>
            </param>
            <param index="3">
              <value>
                <![CDATA[9]]>
              </value>
            </param>
          </params>
          <reporter-output>
          </reporter-output>
        </test-method> <!-- testGetDeclaredFieldsWorksAsExpected -->
        <test-method signature="testGetDefaultTypeValueWorksAsExpected()[pri:0, instance:com.hotels.beans.utils.ClassUtilsTest@340a8894]" started-at="2019-05-26T20:28:21Z" name="testGetDefaultTypeValueWorksAsExpected" finished-at="2019-05-26T20:28:21Z" duration-ms="4" status="PASS">
          <reporter-output>
          </reporter-output>
        </test-method> <!-- testGetDefaultTypeValueWorksAsExpected -->
        <test-method signature="testGetInstanceRaisesAnInstanceCreationExceptionIfAnErrorOccurs()[pri:0, instance:com.hotels.beans.utils.ClassUtilsTest@340a8894]" started-at="2019-05-26T20:28:21Z" name="testGetInstanceRaisesAnInstanceCreationExceptionIfAnErrorOccurs" finished-at="2019-05-26T20:28:21Z" duration-ms="4" status="PASS">
          <exception class="com.hotels.beans.error.InstanceCreationException">
            <full-stacktrace>
              <![CDATA[com.hotels.beans.error.InstanceCreationException
at com.hotels.beans.utils.ClassUtils.getInstance(ClassUtils.java:399)
at com.hotels.beans.utils.ClassUtilsTest.testGetInstanceRaisesAnInstanceCreationExceptionIfAnErrorOccurs(ClassUtilsTest.java:551)
at java.base/jdk.internal.reflect.NativeMethodAccessorImpl.invoke0(Native Method)
at java.base/jdk.internal.reflect.NativeMethodAccessorImpl.invoke(NativeMethodAccessorImpl.java:62)
at java.base/jdk.internal.reflect.DelegatingMethodAccessorImpl.invoke(DelegatingMethodAccessorImpl.java:43)
at java.base/java.lang.reflect.Method.invoke(Method.java:566)
at org.testng.internal.MethodInvocationHelper.invokeMethod(MethodInvocationHelper.java:124)
at org.testng.internal.Invoker.invokeMethod(Invoker.java:583)
at org.testng.internal.Invoker.invokeTestMethod(Invoker.java:719)
at org.testng.internal.Invoker.invokeTestMethods(Invoker.java:989)
at org.testng.internal.TestMethodWorker.invokeTestMethods(TestMethodWorker.java:125)
at org.testng.internal.TestMethodWorker.run(TestMethodWorker.java:109)
at org.testng.TestRunner.privateRun(TestRunner.java:648)
at org.testng.TestRunner.run(TestRunner.java:505)
at org.testng.SuiteRunner.runTest(SuiteRunner.java:455)
at org.testng.SuiteRunner.runSequentially(SuiteRunner.java:450)
at org.testng.SuiteRunner.privateRun(SuiteRunner.java:415)
at org.testng.SuiteRunner.run(SuiteRunner.java:364)
at org.testng.SuiteRunnerWorker.runSuite(SuiteRunnerWorker.java:52)
at org.testng.SuiteRunnerWorker.run(SuiteRunnerWorker.java:84)
at org.testng.TestNG.runSuitesSequentially(TestNG.java:1208)
at org.testng.TestNG.runSuitesLocally(TestNG.java:1137)
at org.testng.TestNG.runSuites(TestNG.java:1049)
at org.testng.TestNG.run(TestNG.java:1017)
at org.apache.maven.surefire.testng.TestNGExecutor.run(TestNGExecutor.java:135)
at org.apache.maven.surefire.testng.TestNGDirectoryTestSuite.executeMulti(TestNGDirectoryTestSuite.java:193)
at org.apache.maven.surefire.testng.TestNGDirectoryTestSuite.execute(TestNGDirectoryTestSuite.java:94)
at org.apache.maven.surefire.testng.TestNGProvider.invoke(TestNGProvider.java:146)
at org.apache.maven.surefire.booter.ForkedBooter.invokeProviderInSameClassLoader(ForkedBooter.java:383)
at org.apache.maven.surefire.booter.ForkedBooter.runSuitesInProcess(ForkedBooter.java:344)
at org.apache.maven.surefire.booter.ForkedBooter.execute(ForkedBooter.java:125)
at org.apache.maven.surefire.booter.ForkedBooter.main(ForkedBooter.java:417)
Caused by: java.lang.InstantiationException
at java.base/jdk.internal.reflect.InstantiationExceptionConstructorAccessorImpl.newInstance(InstantiationExceptionConstructorAccessorImpl.java:48)
at java.base/java.lang.reflect.Constructor.newInstance(Constructor.java:490)
at com.hotels.beans.utils.ClassUtils.getInstance(ClassUtils.java:397)
... 31 more
]]>
            </full-stacktrace>
          </exception> <!-- com.hotels.beans.error.InstanceCreationException -->
          <reporter-output>
          </reporter-output>
        </test-method> <!-- testGetInstanceRaisesAnInstanceCreationExceptionIfAnErrorOccurs -->
        <test-method signature="testGetNoArgsConstructorThrowsExceptionIfTheConstructorIsMissing()[pri:0, instance:com.hotels.beans.utils.ClassUtilsTest@340a8894]" started-at="2019-05-26T20:28:21Z" name="testGetNoArgsConstructorThrowsExceptionIfTheConstructorIsMissing" finished-at="2019-05-26T20:28:21Z" duration-ms="2" status="PASS">
          <exception class="com.hotels.beans.error.InvalidBeanException">
            <message>
              <![CDATA[No default constructors available]]>
            </message>
            <full-stacktrace>
              <![CDATA[com.hotels.beans.error.InvalidBeanException: No default constructors available
at com.hotels.beans.utils.ClassUtils.lambda$getNoArgsConstructor$16(ClassUtils.java:423)
at java.base/java.util.Optional.orElseGet(Optional.java:369)
at com.hotels.beans.utils.ClassUtils.getNoArgsConstructor(ClassUtils.java:413)
at com.hotels.beans.utils.ClassUtilsTest.testGetNoArgsConstructorThrowsExceptionIfTheConstructorIsMissing(ClassUtilsTest.java:523)
at java.base/jdk.internal.reflect.NativeMethodAccessorImpl.invoke0(Native Method)
at java.base/jdk.internal.reflect.NativeMethodAccessorImpl.invoke(NativeMethodAccessorImpl.java:62)
at java.base/jdk.internal.reflect.DelegatingMethodAccessorImpl.invoke(DelegatingMethodAccessorImpl.java:43)
at java.base/java.lang.reflect.Method.invoke(Method.java:566)
at org.testng.internal.MethodInvocationHelper.invokeMethod(MethodInvocationHelper.java:124)
at org.testng.internal.Invoker.invokeMethod(Invoker.java:583)
at org.testng.internal.Invoker.invokeTestMethod(Invoker.java:719)
at org.testng.internal.Invoker.invokeTestMethods(Invoker.java:989)
at org.testng.internal.TestMethodWorker.invokeTestMethods(TestMethodWorker.java:125)
at org.testng.internal.TestMethodWorker.run(TestMethodWorker.java:109)
at org.testng.TestRunner.privateRun(TestRunner.java:648)
at org.testng.TestRunner.run(TestRunner.java:505)
at org.testng.SuiteRunner.runTest(SuiteRunner.java:455)
at org.testng.SuiteRunner.runSequentially(SuiteRunner.java:450)
at org.testng.SuiteRunner.privateRun(SuiteRunner.java:415)
at org.testng.SuiteRunner.run(SuiteRunner.java:364)
at org.testng.SuiteRunnerWorker.runSuite(SuiteRunnerWorker.java:52)
at org.testng.SuiteRunnerWorker.run(SuiteRunnerWorker.java:84)
at org.testng.TestNG.runSuitesSequentially(TestNG.java:1208)
at org.testng.TestNG.runSuitesLocally(TestNG.java:1137)
at org.testng.TestNG.runSuites(TestNG.java:1049)
at org.testng.TestNG.run(TestNG.java:1017)
at org.apache.maven.surefire.testng.TestNGExecutor.run(TestNGExecutor.java:135)
at org.apache.maven.surefire.testng.TestNGDirectoryTestSuite.executeMulti(TestNGDirectoryTestSuite.java:193)
at org.apache.maven.surefire.testng.TestNGDirectoryTestSuite.execute(TestNGDirectoryTestSuite.java:94)
at org.apache.maven.surefire.testng.TestNGProvider.invoke(TestNGProvider.java:146)
at org.apache.maven.surefire.booter.ForkedBooter.invokeProviderInSameClassLoader(ForkedBooter.java:383)
at org.apache.maven.surefire.booter.ForkedBooter.runSuitesInProcess(ForkedBooter.java:344)
at org.apache.maven.surefire.booter.ForkedBooter.execute(ForkedBooter.java:125)
at org.apache.maven.surefire.booter.ForkedBooter.main(ForkedBooter.java:417)
]]>
            </full-stacktrace>
          </exception> <!-- com.hotels.beans.error.InvalidBeanException -->
          <reporter-output>
          </reporter-output>
        </test-method> <!-- testGetNoArgsConstructorThrowsExceptionIfTheConstructorIsMissing -->
        <test-method signature="testGetNoArgsConstructorWorksAsExpected()[pri:0, instance:com.hotels.beans.utils.ClassUtilsTest@340a8894]" started-at="2019-05-26T20:28:21Z" name="testGetNoArgsConstructorWorksAsExpected" finished-at="2019-05-26T20:28:21Z" duration-ms="1" status="PASS">
          <reporter-output>
          </reporter-output>
        </test-method> <!-- testGetNoArgsConstructorWorksAsExpected -->
        <test-method signature="testGetNotFinalFieldsWorksAsExpected(java.lang.String, java.lang.Class, int)[pri:0, instance:com.hotels.beans.utils.ClassUtilsTest@340a8894]" started-at="2019-05-26T20:28:21Z" name="testGetNotFinalFieldsWorksAsExpected" data-provider="dataGetNotFinalFieldsTesting" finished-at="2019-05-26T20:28:21Z" duration-ms="1" status="PASS">
          <params>
            <param index="0">
              <value>
                <![CDATA[Tests that the method returns 0 if the given class has only private fields]]>
              </value>
            </param>
            <param index="1">
              <value>
                <![CDATA[class com.hotels.beans.sample.immutable.ImmutableToFoo]]>
              </value>
            </param>
            <param index="2">
              <value>
                <![CDATA[0]]>
              </value>
            </param>
          </params>
          <reporter-output>
          </reporter-output>
        </test-method> <!-- testGetNotFinalFieldsWorksAsExpected -->
        <test-method signature="testGetNotFinalFieldsWorksAsExpected(java.lang.String, java.lang.Class, int)[pri:0, instance:com.hotels.beans.utils.ClassUtilsTest@340a8894]" started-at="2019-05-26T20:28:21Z" name="testGetNotFinalFieldsWorksAsExpected" data-provider="dataGetNotFinalFieldsTesting" finished-at="2019-05-26T20:28:21Z" duration-ms="0" status="PASS">
          <params>
            <param index="0">
              <value>
                <![CDATA[Tests that the method returns the expected value if the class has private final fields]]>
              </value>
            </param>
            <param index="1">
              <value>
                <![CDATA[class com.hotels.beans.sample.mixed.MixedToFoo]]>
              </value>
            </param>
            <param index="2">
              <value>
                <![CDATA[2]]>
              </value>
            </param>
          </params>
          <reporter-output>
          </reporter-output>
        </test-method> <!-- testGetNotFinalFieldsWorksAsExpected -->
        <test-method signature="testGetPrivateFieldsWorksAsExpected(java.lang.String, java.lang.Class, java.lang.Boolean, int)[pri:0, instance:com.hotels.beans.utils.ClassUtilsTest@340a8894]" started-at="2019-05-26T20:28:21Z" name="testGetPrivateFieldsWorksAsExpected" data-provider="dataGetPrivateFieldsTesting" finished-at="2019-05-26T20:28:21Z" duration-ms="3" status="PASS">
          <params>
            <param index="0">
              <value>
                <![CDATA[Tests that the method returns the expected value if the class has private and public fields]]>
              </value>
            </param>
            <param index="1">
              <value>
                <![CDATA[class com.hotels.beans.sample.mixed.MixedToFoo]]>
              </value>
            </param>
            <param index="2">
              <value>
                <![CDATA[false]]>
              </value>
            </param>
            <param index="3">
              <value>
                <![CDATA[4]]>
              </value>
            </param>
          </params>
          <reporter-output>
          </reporter-output>
        </test-method> <!-- testGetPrivateFieldsWorksAsExpected -->
        <test-method signature="testGetPrivateFieldsWorksAsExpected(java.lang.String, java.lang.Class, java.lang.Boolean, int)[pri:0, instance:com.hotels.beans.utils.ClassUtilsTest@340a8894]" started-at="2019-05-26T20:28:21Z" name="testGetPrivateFieldsWorksAsExpected" data-provider="dataGetPrivateFieldsTesting" finished-at="2019-05-26T20:28:21Z" duration-ms="0" status="PASS">
          <params>
            <param index="0">
              <value>
                <![CDATA[Tests that the method returns the expected value if the class has private and public fields and skipFinal is not passed as param]]>
              </value>
            </param>
            <param index="1">
              <value>
                <![CDATA[class com.hotels.beans.sample.mixed.MixedToFoo]]>
              </value>
            </param>
            <param index="2">
              <value is-null="true"/>
            </param>
            <param index="3">
              <value>
                <![CDATA[4]]>
              </value>
            </param>
          </params>
          <reporter-output>
          </reporter-output>
        </test-method> <!-- testGetPrivateFieldsWorksAsExpected -->
        <test-method signature="testGetPrivateFieldsWorksAsExpected(java.lang.String, java.lang.Class, java.lang.Boolean, int)[pri:0, instance:com.hotels.beans.utils.ClassUtilsTest@340a8894]" started-at="2019-05-26T20:28:21Z" name="testGetPrivateFieldsWorksAsExpected" data-provider="dataGetPrivateFieldsTesting" finished-at="2019-05-26T20:28:21Z" duration-ms="1" status="PASS">
          <params>
            <param index="0">
              <value>
                <![CDATA[Tests that the method returns the expected value if the class has private final fields only and skipFinal is not passed as param]]>
              </value>
            </param>
            <param index="1">
              <value>
                <![CDATA[class com.hotels.beans.sample.immutable.ImmutableToFoo]]>
              </value>
            </param>
            <param index="2">
              <value is-null="true"/>
            </param>
            <param index="3">
              <value>
                <![CDATA[5]]>
              </value>
            </param>
          </params>
          <reporter-output>
          </reporter-output>
        </test-method> <!-- testGetPrivateFieldsWorksAsExpected -->
        <test-method signature="testGetPrivateFieldsWorksAsExpected(java.lang.String, java.lang.Class, java.lang.Boolean, int)[pri:0, instance:com.hotels.beans.utils.ClassUtilsTest@340a8894]" started-at="2019-05-26T20:28:21Z" name="testGetPrivateFieldsWorksAsExpected" data-provider="dataGetPrivateFieldsTesting" finished-at="2019-05-26T20:28:21Z" duration-ms="0" status="PASS">
          <params>
            <param index="0">
              <value>
                <![CDATA[Tests that the method returns the expected value if the class has private final fields only]]>
              </value>
            </param>
            <param index="1">
              <value>
                <![CDATA[class com.hotels.beans.sample.immutable.ImmutableToFoo]]>
              </value>
            </param>
            <param index="2">
              <value>
                <![CDATA[false]]>
              </value>
            </param>
            <param index="3">
              <value>
                <![CDATA[5]]>
              </value>
            </param>
          </params>
          <reporter-output>
          </reporter-output>
        </test-method> <!-- testGetPrivateFieldsWorksAsExpected -->
        <test-method signature="testGetPrivateFieldsWorksAsExpected(java.lang.String, java.lang.Class, java.lang.Boolean, int)[pri:0, instance:com.hotels.beans.utils.ClassUtilsTest@340a8894]" started-at="2019-05-26T20:28:21Z" name="testGetPrivateFieldsWorksAsExpected" data-provider="dataGetPrivateFieldsTesting" finished-at="2019-05-26T20:28:21Z" duration-ms="0" status="PASS">
          <params>
            <param index="0">
              <value>
                <![CDATA[Tests that the method returns the expected value if the class extends another class]]>
              </value>
            </param>
            <param index="1">
              <value>
                <![CDATA[class com.hotels.beans.sample.immutable.ImmutableToFooSubClass]]>
              </value>
            </param>
            <param index="2">
              <value>
                <![CDATA[false]]>
              </value>
            </param>
            <param index="3">
              <value>
                <![CDATA[9]]>
              </value>
            </param>
          </params>
          <reporter-output>
          </reporter-output>
        </test-method> <!-- testGetPrivateFieldsWorksAsExpected -->
        <test-method signature="testGetPrivateFieldsWorksAsExpected(java.lang.String, java.lang.Class, java.lang.Boolean, int)[pri:0, instance:com.hotels.beans.utils.ClassUtilsTest@340a8894]" started-at="2019-05-26T20:28:21Z" name="testGetPrivateFieldsWorksAsExpected" data-provider="dataGetPrivateFieldsTesting" finished-at="2019-05-26T20:28:21Z" duration-ms="0" status="PASS">
          <params>
            <param index="0">
              <value>
                <![CDATA[Tests that the method returns the expected value if the class extends another class and skipFinal is not passed as param]]>
              </value>
            </param>
            <param index="1">
              <value>
                <![CDATA[class com.hotels.beans.sample.immutable.ImmutableToFooSubClass]]>
              </value>
            </param>
            <param index="2">
              <value is-null="true"/>
            </param>
            <param index="3">
              <value>
                <![CDATA[9]]>
              </value>
            </param>
          </params>
          <reporter-output>
          </reporter-output>
        </test-method> <!-- testGetPrivateFieldsWorksAsExpected -->
        <test-method signature="testGetPrivateFieldsWorksAsExpected(java.lang.String, java.lang.Class, java.lang.Boolean, int)[pri:0, instance:com.hotels.beans.utils.ClassUtilsTest@340a8894]" started-at="2019-05-26T20:28:21Z" name="testGetPrivateFieldsWorksAsExpected" data-provider="dataGetPrivateFieldsTesting" finished-at="2019-05-26T20:28:21Z" duration-ms="0" status="PASS">
          <params>
            <param index="0">
              <value>
                <![CDATA[Tests that the method returns the expected value if the skipFinal is enabled]]>
              </value>
            </param>
            <param index="1">
              <value>
                <![CDATA[class com.hotels.beans.sample.mixed.MixedToFoo]]>
              </value>
            </param>
            <param index="2">
              <value>
                <![CDATA[true]]>
              </value>
            </param>
            <param index="3">
              <value>
                <![CDATA[1]]>
              </value>
            </param>
          </params>
          <reporter-output>
          </reporter-output>
        </test-method> <!-- testGetPrivateFieldsWorksAsExpected -->
        <test-method signature="testGetPrivateFinalFieldsWorksAsExpected(java.lang.String, java.lang.Class, int)[pri:0, instance:com.hotels.beans.utils.ClassUtilsTest@340a8894]" started-at="2019-05-26T20:28:21Z" name="testGetPrivateFinalFieldsWorksAsExpected" data-provider="dataGetPrivateFinalFieldsTesting" finished-at="2019-05-26T20:28:21Z" duration-ms="2" status="PASS">
          <params>
            <param index="0">
              <value>
                <![CDATA[Tests that the method returns 0 if the given class has no private final fields]]>
              </value>
            </param>
            <param index="1">
              <value>
                <![CDATA[class com.hotels.beans.sample.mutable.MutableToFooSubClass]]>
              </value>
            </param>
            <param index="2">
              <value>
                <![CDATA[0]]>
              </value>
            </param>
          </params>
          <reporter-output>
          </reporter-output>
        </test-method> <!-- testGetPrivateFinalFieldsWorksAsExpected -->
        <test-method signature="testGetPrivateFinalFieldsWorksAsExpected(java.lang.String, java.lang.Class, int)[pri:0, instance:com.hotels.beans.utils.ClassUtilsTest@340a8894]" started-at="2019-05-26T20:28:21Z" name="testGetPrivateFinalFieldsWorksAsExpected" data-provider="dataGetPrivateFinalFieldsTesting" finished-at="2019-05-26T20:28:21Z" duration-ms="0" status="PASS">
          <params>
            <param index="0">
              <value>
                <![CDATA[Tests that the method returns the expected value if the class has private final fields]]>
              </value>
            </param>
            <param index="1">
              <value>
                <![CDATA[class com.hotels.beans.sample.immutable.ImmutableToFoo]]>
              </value>
            </param>
            <param index="2">
              <value>
                <![CDATA[5]]>
              </value>
            </param>
          </params>
          <reporter-output>
          </reporter-output>
        </test-method> <!-- testGetPrivateFinalFieldsWorksAsExpected -->
        <test-method signature="testGetPrivateFinalFieldsWorksAsExpected(java.lang.String, java.lang.Class, int)[pri:0, instance:com.hotels.beans.utils.ClassUtilsTest@340a8894]" started-at="2019-05-26T20:28:21Z" name="testGetPrivateFinalFieldsWorksAsExpected" data-provider="dataGetPrivateFinalFieldsTesting" finished-at="2019-05-26T20:28:21Z" duration-ms="0" status="PASS">
          <params>
            <param index="0">
              <value>
                <![CDATA[Tests that the method returns the expected value if the class has private final fields and extends another class]]>
              </value>
            </param>
            <param index="1">
              <value>
                <![CDATA[class com.hotels.beans.sample.immutable.ImmutableToFooSubClass]]>
              </value>
            </param>
            <param index="2">
              <value>
                <![CDATA[9]]>
              </value>
            </param>
          </params>
          <reporter-output>
          </reporter-output>
        </test-method> <!-- testGetPrivateFinalFieldsWorksAsExpected -->
        <test-method signature="testGetSetterMethodsWorksAsExpected(java.lang.String, java.lang.Class, boolean)[pri:0, instance:com.hotels.beans.utils.ClassUtilsTest@340a8894]" started-at="2019-05-26T20:28:21Z" name="testGetSetterMethodsWorksAsExpected" data-provider="dataGetSetterMethodsTesting" finished-at="2019-05-26T20:28:21Z" duration-ms="6" status="PASS">
          <params>
            <param index="0">
              <value>
                <![CDATA[Tests that the method returns an empty list if the class has no setter methods]]>
              </value>
            </param>
            <param index="1">
              <value>
                <![CDATA[class com.hotels.beans.sample.immutable.ImmutableToFooSubClass]]>
              </value>
            </param>
            <param index="2">
              <value>
                <![CDATA[true]]>
              </value>
            </param>
          </params>
          <reporter-output>
          </reporter-output>
        </test-method> <!-- testGetSetterMethodsWorksAsExpected -->
        <test-method signature="testGetSetterMethodsWorksAsExpected(java.lang.String, java.lang.Class, boolean)[pri:0, instance:com.hotels.beans.utils.ClassUtilsTest@340a8894]" started-at="2019-05-26T20:28:21Z" name="testGetSetterMethodsWorksAsExpected" data-provider="dataGetSetterMethodsTesting" finished-at="2019-05-26T20:28:21Z" duration-ms="1" status="PASS">
          <params>
            <param index="0">
              <value>
                <![CDATA[Tests that the method returns a not empty list if the class has setter methods]]>
              </value>
            </param>
            <param index="1">
              <value>
                <![CDATA[class com.hotels.beans.sample.mutable.MutableToFoo]]>
              </value>
            </param>
            <param index="2">
              <value>
                <![CDATA[false]]>
              </value>
            </param>
          </params>
          <reporter-output>
          </reporter-output>
        </test-method> <!-- testGetSetterMethodsWorksAsExpected -->
        <test-method signature="testGetTotalFieldsWorksAsExpected(java.lang.String, java.lang.Class, java.util.function.Predicate, int)[pri:0, instance:com.hotels.beans.utils.ClassUtilsTest@340a8894]" started-at="2019-05-26T20:28:21Z" name="testGetTotalFieldsWorksAsExpected" data-provider="dataGetTotalFieldsTesting" finished-at="2019-05-26T20:28:21Z" duration-ms="4" status="PASS">
          <params>
            <param index="0">
              <value>
                <![CDATA[Tests that the method returns 0 if the given class has no private final fields]]>
              </value>
            </param>
            <param index="1">
              <value>
                <![CDATA[class com.hotels.beans.sample.mutable.MutableToFooSubClass]]>
              </value>
            </param>
            <param index="2">
              <value>
                <![CDATA[com.hotels.beans.utils.ClassUtilsTest$$Lambda$64/0x0000000800140040@5113ab26]]>
              </value>
            </param>
            <param index="3">
              <value>
                <![CDATA[0]]>
              </value>
            </param>
          </params>
          <reporter-output>
          </reporter-output>
        </test-method> <!-- testGetTotalFieldsWorksAsExpected -->
        <test-method signature="testGetTotalFieldsWorksAsExpected(java.lang.String, java.lang.Class, java.util.function.Predicate, int)[pri:0, instance:com.hotels.beans.utils.ClassUtilsTest@340a8894]" started-at="2019-05-26T20:28:21Z" name="testGetTotalFieldsWorksAsExpected" data-provider="dataGetTotalFieldsTesting" finished-at="2019-05-26T20:28:21Z" duration-ms="0" status="PASS">
          <params>
            <param index="0">
              <value>
                <![CDATA[Tests that the method returns the expected value if the class has private final fields]]>
              </value>
            </param>
            <param index="1">
              <value>
                <![CDATA[class com.hotels.beans.sample.immutable.ImmutableToFoo]]>
              </value>
            </param>
            <param index="2">
              <value>
                <![CDATA[com.hotels.beans.utils.ClassUtilsTest$$Lambda$64/0x0000000800140040@5113ab26]]>
              </value>
            </param>
            <param index="3">
              <value>
                <![CDATA[5]]>
              </value>
            </param>
          </params>
          <reporter-output>
          </reporter-output>
        </test-method> <!-- testGetTotalFieldsWorksAsExpected -->
        <test-method signature="testHasAccessibleConstructorsWorksAsExpected(java.lang.String, java.lang.Class, boolean)[pri:0, instance:com.hotels.beans.utils.ClassUtilsTest@340a8894]" started-at="2019-05-26T20:28:21Z" name="testHasAccessibleConstructorsWorksAsExpected" data-provider="dataHasAccessibleConstructorsTesting" finished-at="2019-05-26T20:28:21Z" duration-ms="4" status="PASS">
          <params>
            <param index="0">
              <value>
                <![CDATA[Tests that the method returns false if the constructor is public]]>
              </value>
            </param>
            <param index="1">
              <value>
                <![CDATA[class com.hotels.beans.sample.FromFoo]]>
              </value>
            </param>
            <param index="2">
              <value>
                <![CDATA[true]]>
              </value>
            </param>
          </params>
          <reporter-output>
          </reporter-output>
        </test-method> <!-- testHasAccessibleConstructorsWorksAsExpected -->
        <test-method signature="testHasAccessibleConstructorsWorksAsExpected(java.lang.String, java.lang.Class, boolean)[pri:0, instance:com.hotels.beans.utils.ClassUtilsTest@340a8894]" started-at="2019-05-26T20:28:21Z" name="testHasAccessibleConstructorsWorksAsExpected" data-provider="dataHasAccessibleConstructorsTesting" finished-at="2019-05-26T20:28:21Z" duration-ms="0" status="PASS">
          <params>
            <param index="0">
              <value>
                <![CDATA[Tests that the method returns false if the constructor is private]]>
              </value>
            </param>
            <param index="1">
              <value>
                <![CDATA[class com.hotels.beans.sample.mutable.MutableToFooWithBuilder]]>
              </value>
            </param>
            <param index="2">
              <value>
                <![CDATA[false]]>
              </value>
            </param>
          </params>
          <reporter-output>
          </reporter-output>
        </test-method> <!-- testHasAccessibleConstructorsWorksAsExpected -->
        <test-method signature="testHasFieldWorksAsExpected(java.lang.String, java.lang.String, boolean)[pri:0, instance:com.hotels.beans.utils.ClassUtilsTest@340a8894]" started-at="2019-05-26T20:28:21Z" name="testHasFieldWorksAsExpected" data-provider="dataHasFieldTesting" finished-at="2019-05-26T20:28:21Z" duration-ms="2" status="PASS">
          <params>
            <param index="0">
              <value>
                <![CDATA[Tests that the method returns false if the given field does not exists]]>
              </value>
            </param>
            <param index="1">
              <value>
                <![CDATA[notExistingFieldName]]>
              </value>
            </param>
            <param index="2">
              <value>
                <![CDATA[false]]>
              </value>
            </param>
          </params>
          <reporter-output>
          </reporter-output>
        </test-method> <!-- testHasFieldWorksAsExpected -->
        <test-method signature="testHasFieldWorksAsExpected(java.lang.String, java.lang.String, boolean)[pri:0, instance:com.hotels.beans.utils.ClassUtilsTest@340a8894]" started-at="2019-05-26T20:28:21Z" name="testHasFieldWorksAsExpected" data-provider="dataHasFieldTesting" finished-at="2019-05-26T20:28:21Z" duration-ms="0" status="PASS">
          <params>
            <param index="0">
              <value>
                <![CDATA[Tests that the method returns true if the given field exists]]>
              </value>
            </param>
            <param index="1">
              <value>
                <![CDATA[name]]>
              </value>
            </param>
            <param index="2">
              <value>
                <![CDATA[true]]>
              </value>
            </param>
          </params>
          <reporter-output>
          </reporter-output>
        </test-method> <!-- testHasFieldWorksAsExpected -->
        <test-method signature="testHasPrivateFinalFieldsWorksAsExpected(java.lang.String, java.lang.Class, boolean)[pri:0, instance:com.hotels.beans.utils.ClassUtilsTest@340a8894]" started-at="2019-05-26T20:28:21Z" name="testHasPrivateFinalFieldsWorksAsExpected" data-provider="dataHasFinalFieldTesting" finished-at="2019-05-26T20:28:21Z" duration-ms="0" status="PASS">
          <params>
            <param index="0">
              <value>
                <![CDATA[Tests that the method returns true if the given class has private final fields]]>
              </value>
            </param>
            <param index="1">
              <value>
                <![CDATA[class com.hotels.beans.sample.immutable.ImmutableToFooSubClass]]>
              </value>
            </param>
            <param index="2">
              <value>
                <![CDATA[true]]>
              </value>
            </param>
          </params>
          <reporter-output>
          </reporter-output>
        </test-method> <!-- testHasPrivateFinalFieldsWorksAsExpected -->
        <test-method signature="testHasPrivateFinalFieldsWorksAsExpected(java.lang.String, java.lang.Class, boolean)[pri:0, instance:com.hotels.beans.utils.ClassUtilsTest@340a8894]" started-at="2019-05-26T20:28:21Z" name="testHasPrivateFinalFieldsWorksAsExpected" data-provider="dataHasFinalFieldTesting" finished-at="2019-05-26T20:28:21Z" duration-ms="0" status="PASS">
          <params>
            <param index="0">
              <value>
                <![CDATA[Tests that the method returns true if the given class has no private final fields]]>
              </value>
            </param>
            <param index="1">
              <value>
                <![CDATA[class com.hotels.beans.sample.mutable.MutableToFooSubClass]]>
              </value>
            </param>
            <param index="2">
              <value>
                <![CDATA[false]]>
              </value>
            </param>
          </params>
          <reporter-output>
          </reporter-output>
        </test-method> <!-- testHasPrivateFinalFieldsWorksAsExpected -->
        <test-method signature="testHasSetterMethodsWorksAsExpected(java.lang.String, java.lang.Class, boolean)[pri:0, instance:com.hotels.beans.utils.ClassUtilsTest@340a8894]" started-at="2019-05-26T20:28:21Z" name="testHasSetterMethodsWorksAsExpected" data-provider="dataHasSetterMethodsTesting" finished-at="2019-05-26T20:28:21Z" duration-ms="5" status="PASS">
          <params>
            <param index="0">
              <value>
                <![CDATA[Tests that the method returns true if the given class has private final fields]]>
              </value>
            </param>
            <param index="1">
              <value>
                <![CDATA[class com.hotels.beans.sample.mixed.MixedToFoo]]>
              </value>
            </param>
            <param index="2">
              <value>
                <![CDATA[true]]>
              </value>
            </param>
          </params>
          <reporter-output>
          </reporter-output>
        </test-method> <!-- testHasSetterMethodsWorksAsExpected -->
        <test-method signature="testHasSetterMethodsWorksAsExpected(java.lang.String, java.lang.Class, boolean)[pri:0, instance:com.hotels.beans.utils.ClassUtilsTest@340a8894]" started-at="2019-05-26T20:28:21Z" name="testHasSetterMethodsWorksAsExpected" data-provider="dataHasSetterMethodsTesting" finished-at="2019-05-26T20:28:21Z" duration-ms="0" status="PASS">
          <params>
            <param index="0">
              <value>
                <![CDATA[Tests that the method returns true if the given class has no private final fields]]>
              </value>
            </param>
            <param index="1">
              <value>
                <![CDATA[class com.hotels.beans.sample.immutable.ImmutableToFoo]]>
              </value>
            </param>
            <param index="2">
              <value>
                <![CDATA[false]]>
              </value>
            </param>
          </params>
          <reporter-output>
          </reporter-output>
        </test-method> <!-- testHasSetterMethodsWorksAsExpected -->
        <test-method signature="testIsPrimitiveArrayTypeWorksAsExpected(java.lang.String, java.lang.Object, boolean)[pri:0, instance:com.hotels.beans.utils.ClassUtilsTest@340a8894]" started-at="2019-05-26T20:28:21Z" name="testIsPrimitiveArrayTypeWorksAsExpected" data-provider="dataPrimitiveArrayTypeTesting" finished-at="2019-05-26T20:28:21Z" duration-ms="1" status="PASS">
          <params>
            <param index="0">
              <value>
                <![CDATA[Tests that the method returns true if the array is of type int[]]]>
              </value>
            </param>
            <param index="1">
              <value>
                <![CDATA[[I@2a64e2d0]]>
              </value>
            </param>
            <param index="2">
              <value>
                <![CDATA[true]]>
              </value>
            </param>
          </params>
          <reporter-output>
          </reporter-output>
        </test-method> <!-- testIsPrimitiveArrayTypeWorksAsExpected -->
        <test-method signature="testIsPrimitiveArrayTypeWorksAsExpected(java.lang.String, java.lang.Object, boolean)[pri:0, instance:com.hotels.beans.utils.ClassUtilsTest@340a8894]" started-at="2019-05-26T20:28:21Z" name="testIsPrimitiveArrayTypeWorksAsExpected" data-provider="dataPrimitiveArrayTypeTesting" finished-at="2019-05-26T20:28:21Z" duration-ms="1" status="PASS">
          <params>
            <param index="0">
              <value>
                <![CDATA[Tests that the method returns true if the array is of type char[]]]>
              </value>
            </param>
            <param index="1">
              <value>
                <![CDATA[[C@45dce9f7]]>
              </value>
            </param>
            <param index="2">
              <value>
                <![CDATA[true]]>
              </value>
            </param>
          </params>
          <reporter-output>
          </reporter-output>
        </test-method> <!-- testIsPrimitiveArrayTypeWorksAsExpected -->
        <test-method signature="testIsPrimitiveArrayTypeWorksAsExpected(java.lang.String, java.lang.Object, boolean)[pri:0, instance:com.hotels.beans.utils.ClassUtilsTest@340a8894]" started-at="2019-05-26T20:28:21Z" name="testIsPrimitiveArrayTypeWorksAsExpected" data-provider="dataPrimitiveArrayTypeTesting" finished-at="2019-05-26T20:28:21Z" duration-ms="0" status="PASS">
          <params>
            <param index="0">
              <value>
                <![CDATA[Tests that the method returns true if the array is of type short[]]]>
              </value>
            </param>
            <param index="1">
              <value>
                <![CDATA[[S@651e3cc9]]>
              </value>
            </param>
            <param index="2">
              <value>
                <![CDATA[true]]>
              </value>
            </param>
          </params>
          <reporter-output>
          </reporter-output>
        </test-method> <!-- testIsPrimitiveArrayTypeWorksAsExpected -->
        <test-method signature="testIsPrimitiveArrayTypeWorksAsExpected(java.lang.String, java.lang.Object, boolean)[pri:0, instance:com.hotels.beans.utils.ClassUtilsTest@340a8894]" started-at="2019-05-26T20:28:21Z" name="testIsPrimitiveArrayTypeWorksAsExpected" data-provider="dataPrimitiveArrayTypeTesting" finished-at="2019-05-26T20:28:21Z" duration-ms="0" status="PASS">
          <params>
            <param index="0">
              <value>
                <![CDATA[Tests that the method returns true if the array is of type byte[]]]>
              </value>
            </param>
            <param index="1">
              <value>
                <![CDATA[[B@9da20f1]]>
              </value>
            </param>
            <param index="2">
              <value>
                <![CDATA[true]]>
              </value>
            </param>
          </params>
          <reporter-output>
          </reporter-output>
        </test-method> <!-- testIsPrimitiveArrayTypeWorksAsExpected -->
        <test-method signature="testIsPrimitiveArrayTypeWorksAsExpected(java.lang.String, java.lang.Object, boolean)[pri:0, instance:com.hotels.beans.utils.ClassUtilsTest@340a8894]" started-at="2019-05-26T20:28:21Z" name="testIsPrimitiveArrayTypeWorksAsExpected" data-provider="dataPrimitiveArrayTypeTesting" finished-at="2019-05-26T20:28:21Z" duration-ms="1" status="PASS">
          <params>
            <param index="0">
              <value>
                <![CDATA[Tests that the method returns true if the array is of type float[]]]>
              </value>
            </param>
            <param index="1">
              <value>
                <![CDATA[[F@10c9bd51]]>
              </value>
            </param>
            <param index="2">
              <value>
                <![CDATA[true]]>
              </value>
            </param>
          </params>
          <reporter-output>
          </reporter-output>
        </test-method> <!-- testIsPrimitiveArrayTypeWorksAsExpected -->
        <test-method signature="testIsPrimitiveArrayTypeWorksAsExpected(java.lang.String, java.lang.Object, boolean)[pri:0, instance:com.hotels.beans.utils.ClassUtilsTest@340a8894]" started-at="2019-05-26T20:28:21Z" name="testIsPrimitiveArrayTypeWorksAsExpected" data-provider="dataPrimitiveArrayTypeTesting" finished-at="2019-05-26T20:28:21Z" duration-ms="0" status="PASS">
          <params>
            <param index="0">
              <value>
                <![CDATA[Tests that the method returns true if the array is of type double[]]]>
              </value>
            </param>
            <param index="1">
              <value>
                <![CDATA[[D@4a52178]]>
              </value>
            </param>
            <param index="2">
              <value>
                <![CDATA[true]]>
              </value>
            </param>
          </params>
          <reporter-output>
          </reporter-output>
        </test-method> <!-- testIsPrimitiveArrayTypeWorksAsExpected -->
        <test-method signature="testIsPrimitiveArrayTypeWorksAsExpected(java.lang.String, java.lang.Object, boolean)[pri:0, instance:com.hotels.beans.utils.ClassUtilsTest@340a8894]" started-at="2019-05-26T20:28:21Z" name="testIsPrimitiveArrayTypeWorksAsExpected" data-provider="dataPrimitiveArrayTypeTesting" finished-at="2019-05-26T20:28:21Z" duration-ms="6" status="PASS">
          <params>
            <param index="0">
              <value>
                <![CDATA[Tests that the method returns true if the array is of type long[]]]>
              </value>
            </param>
            <param index="1">
              <value>
                <![CDATA[[J@32787dee]]>
              </value>
            </param>
            <param index="2">
              <value>
                <![CDATA[true]]>
              </value>
            </param>
          </params>
          <reporter-output>
          </reporter-output>
        </test-method> <!-- testIsPrimitiveArrayTypeWorksAsExpected -->
        <test-method signature="testIsPrimitiveArrayTypeWorksAsExpected(java.lang.String, java.lang.Object, boolean)[pri:0, instance:com.hotels.beans.utils.ClassUtilsTest@340a8894]" started-at="2019-05-26T20:28:21Z" name="testIsPrimitiveArrayTypeWorksAsExpected" data-provider="dataPrimitiveArrayTypeTesting" finished-at="2019-05-26T20:28:21Z" duration-ms="0" status="PASS">
          <params>
            <param index="0">
              <value>
                <![CDATA[Tests that the method returns true if the array is of type Integer[]]]>
              </value>
            </param>
            <param index="1">
              <value>
                <![CDATA[[Ljava.lang.Integer;@6afd0ef8]]>
              </value>
            </param>
            <param index="2">
              <value>
                <![CDATA[true]]>
              </value>
            </param>
          </params>
          <reporter-output>
          </reporter-output>
        </test-method> <!-- testIsPrimitiveArrayTypeWorksAsExpected -->
        <test-method signature="testIsPrimitiveArrayTypeWorksAsExpected(java.lang.String, java.lang.Object, boolean)[pri:0, instance:com.hotels.beans.utils.ClassUtilsTest@340a8894]" started-at="2019-05-26T20:28:21Z" name="testIsPrimitiveArrayTypeWorksAsExpected" data-provider="dataPrimitiveArrayTypeTesting" finished-at="2019-05-26T20:28:21Z" duration-ms="0" status="PASS">
          <params>
            <param index="0">
              <value>
                <![CDATA[Tests that the method returns false if the array is of type FromFoo[]]]>
              </value>
            </param>
            <param index="1">
              <value>
                <![CDATA[[Lcom.hotels.beans.sample.FromFoo;@47fe4c3e]]>
              </value>
            </param>
            <param index="2">
              <value>
                <![CDATA[false]]>
              </value>
            </param>
          </params>
          <reporter-output>
          </reporter-output>
        </test-method> <!-- testIsPrimitiveArrayTypeWorksAsExpected -->
        <test-method signature="testIsPrimitiveOrSpecialTypeWorksAsExpected(java.lang.String, java.lang.Class, boolean)[pri:0, instance:com.hotels.beans.utils.ClassUtilsTest@340a8894]" started-at="2019-05-26T20:28:21Z" name="testIsPrimitiveOrSpecialTypeWorksAsExpected" data-provider="dataPrimitiveOrSpecialTypeObjectTesting" finished-at="2019-05-26T20:28:21Z" duration-ms="3" status="PASS">
          <params>
            <param index="0">
              <value>
                <![CDATA[Tests that the method returns true if the class is a primitive or special type object]]>
              </value>
            </param>
            <param index="1">
              <value>
                <![CDATA[class java.util.Locale]]>
              </value>
            </param>
            <param index="2">
              <value>
                <![CDATA[true]]>
              </value>
            </param>
          </params>
          <reporter-output>
          </reporter-output>
        </test-method> <!-- testIsPrimitiveOrSpecialTypeWorksAsExpected -->
        <test-method signature="testIsPrimitiveOrSpecialTypeWorksAsExpected(java.lang.String, java.lang.Class, boolean)[pri:0, instance:com.hotels.beans.utils.ClassUtilsTest@340a8894]" started-at="2019-05-26T20:28:21Z" name="testIsPrimitiveOrSpecialTypeWorksAsExpected" data-provider="dataPrimitiveOrSpecialTypeObjectTesting" finished-at="2019-05-26T20:28:21Z" duration-ms="0" status="PASS">
          <params>
            <param index="0">
              <value>
                <![CDATA[Tests that the method returns false if the class is a primitive nor a special type object]]>
              </value>
            </param>
            <param index="1">
              <value>
                <![CDATA[class java.math.BigDecimal]]>
              </value>
            </param>
            <param index="2">
              <value>
                <![CDATA[true]]>
              </value>
            </param>
          </params>
          <reporter-output>
          </reporter-output>
        </test-method> <!-- testIsPrimitiveOrSpecialTypeWorksAsExpected -->
        <test-method signature="testIsPrimitiveOrSpecialTypeWorksAsExpected(java.lang.String, java.lang.Class, boolean)[pri:0, instance:com.hotels.beans.utils.ClassUtilsTest@340a8894]" started-at="2019-05-26T20:28:21Z" name="testIsPrimitiveOrSpecialTypeWorksAsExpected" data-provider="dataPrimitiveOrSpecialTypeObjectTesting" finished-at="2019-05-26T20:28:21Z" duration-ms="1" status="PASS">
          <params>
            <param index="0">
              <value>
                <![CDATA[Tests that the method returns false if the class is not a primitive nor a special type object]]>
              </value>
            </param>
            <param index="1">
              <value>
                <![CDATA[class com.hotels.beans.sample.FromFoo]]>
              </value>
            </param>
            <param index="2">
              <value>
                <![CDATA[false]]>
              </value>
            </param>
          </params>
          <reporter-output>
          </reporter-output>
        </test-method> <!-- testIsPrimitiveOrSpecialTypeWorksAsExpected -->
        <test-method signature="testIsPrimitiveTypeWorksAsExpected(java.lang.String, java.lang.Class, boolean)[pri:0, instance:com.hotels.beans.utils.ClassUtilsTest@340a8894]" started-at="2019-05-26T20:28:21Z" name="testIsPrimitiveTypeWorksAsExpected" data-provider="dataIsPrimitiveTypeObjectTesting" finished-at="2019-05-26T20:28:21Z" duration-ms="1" status="PASS">
          <params>
            <param index="0">
              <value>
                <![CDATA[Tests that the method returns true if the class is a primitive type object]]>
              </value>
            </param>
            <param index="1">
              <value>
                <![CDATA[class java.math.BigDecimal]]>
              </value>
            </param>
            <param index="2">
              <value>
                <![CDATA[true]]>
              </value>
            </param>
          </params>
          <reporter-output>
          </reporter-output>
        </test-method> <!-- testIsPrimitiveTypeWorksAsExpected -->
        <test-method signature="testIsPrimitiveTypeWorksAsExpected(java.lang.String, java.lang.Class, boolean)[pri:0, instance:com.hotels.beans.utils.ClassUtilsTest@340a8894]" started-at="2019-05-26T20:28:21Z" name="testIsPrimitiveTypeWorksAsExpected" data-provider="dataIsPrimitiveTypeObjectTesting" finished-at="2019-05-26T20:28:21Z" duration-ms="1" status="PASS">
          <params>
            <param index="0">
              <value>
                <![CDATA[Tests that the method returns true if the class is not a Boolean]]>
              </value>
            </param>
            <param index="1">
              <value>
                <![CDATA[class java.lang.Boolean]]>
              </value>
            </param>
            <param index="2">
              <value>
                <![CDATA[true]]>
              </value>
            </param>
          </params>
          <reporter-output>
          </reporter-output>
        </test-method> <!-- testIsPrimitiveTypeWorksAsExpected -->
        <test-method signature="testIsPrimitiveTypeWorksAsExpected(java.lang.String, java.lang.Class, boolean)[pri:0, instance:com.hotels.beans.utils.ClassUtilsTest@340a8894]" started-at="2019-05-26T20:28:21Z" name="testIsPrimitiveTypeWorksAsExpected" data-provider="dataIsPrimitiveTypeObjectTesting" finished-at="2019-05-26T20:28:21Z" duration-ms="0" status="PASS">
          <params>
            <param index="0">
              <value>
                <![CDATA[Tests that the method returns false if the class is not a primitive type object]]>
              </value>
            </param>
            <param index="1">
              <value>
                <![CDATA[class com.hotels.beans.sample.FromFoo]]>
              </value>
            </param>
            <param index="2">
              <value>
                <![CDATA[false]]>
              </value>
            </param>
          </params>
          <reporter-output>
          </reporter-output>
        </test-method> <!-- testIsPrimitiveTypeWorksAsExpected -->
        <test-method signature="testIsPrimitiveTypeWorksAsExpected(java.lang.String, java.lang.Class, boolean)[pri:0, instance:com.hotels.beans.utils.ClassUtilsTest@340a8894]" started-at="2019-05-26T20:28:21Z" name="testIsPrimitiveTypeWorksAsExpected" data-provider="dataIsPrimitiveTypeObjectTesting" finished-at="2019-05-26T20:28:21Z" duration-ms="0" status="PASS">
          <params>
            <param index="0">
              <value>
                <![CDATA[Tests that the method returns true if the class is not a Character]]>
              </value>
            </param>
            <param index="1">
              <value>
                <![CDATA[class java.lang.Character]]>
              </value>
            </param>
            <param index="2">
              <value>
                <![CDATA[true]]>
              </value>
            </param>
          </params>
          <reporter-output>
          </reporter-output>
        </test-method> <!-- testIsPrimitiveTypeWorksAsExpected -->
        <test-method signature="testIsPrimitiveTypeWorksAsExpected(java.lang.String, java.lang.Class, boolean)[pri:0, instance:com.hotels.beans.utils.ClassUtilsTest@340a8894]" started-at="2019-05-26T20:28:21Z" name="testIsPrimitiveTypeWorksAsExpected" data-provider="dataIsPrimitiveTypeObjectTesting" finished-at="2019-05-26T20:28:21Z" duration-ms="0" status="PASS">
          <params>
            <param index="0">
              <value>
                <![CDATA[Tests that the method returns true if the class is not a Byte]]>
              </value>
            </param>
            <param index="1">
              <value>
                <![CDATA[class java.lang.Byte]]>
              </value>
            </param>
            <param index="2">
              <value>
                <![CDATA[true]]>
              </value>
            </param>
          </params>
          <reporter-output>
          </reporter-output>
        </test-method> <!-- testIsPrimitiveTypeWorksAsExpected -->
        <test-method signature="testIsPrimitiveTypeWorksAsExpected(java.lang.String, java.lang.Class, boolean)[pri:0, instance:com.hotels.beans.utils.ClassUtilsTest@340a8894]" started-at="2019-05-26T20:28:21Z" name="testIsPrimitiveTypeWorksAsExpected" data-provider="dataIsPrimitiveTypeObjectTesting" finished-at="2019-05-26T20:28:21Z" duration-ms="0" status="PASS">
          <params>
            <param index="0">
              <value>
                <![CDATA[Tests that the method returns true if the class is not a Void]]>
              </value>
            </param>
            <param index="1">
              <value>
                <![CDATA[class java.lang.Void]]>
              </value>
            </param>
            <param index="2">
              <value>
                <![CDATA[true]]>
              </value>
            </param>
          </params>
          <reporter-output>
          </reporter-output>
        </test-method> <!-- testIsPrimitiveTypeWorksAsExpected -->
        <test-method signature="testIsPrimitiveTypeWorksAsExpected(java.lang.String, java.lang.Class, boolean)[pri:0, instance:com.hotels.beans.utils.ClassUtilsTest@340a8894]" started-at="2019-05-26T20:28:21Z" name="testIsPrimitiveTypeWorksAsExpected" data-provider="dataIsPrimitiveTypeObjectTesting" finished-at="2019-05-26T20:28:21Z" duration-ms="1" status="PASS">
          <params>
            <param index="0">
              <value>
                <![CDATA[Tests that the method returns true if the class is not a String]]>
              </value>
            </param>
            <param index="1">
              <value>
                <![CDATA[class java.lang.String]]>
              </value>
            </param>
            <param index="2">
              <value>
                <![CDATA[true]]>
              </value>
            </param>
          </params>
          <reporter-output>
          </reporter-output>
        </test-method> <!-- testIsPrimitiveTypeWorksAsExpected -->
        <test-method signature="testIsSpecialTypeWorksAsExpected(java.lang.String, java.lang.Class, boolean)[pri:0, instance:com.hotels.beans.utils.ClassUtilsTest@340a8894]" started-at="2019-05-26T20:28:21Z" name="testIsSpecialTypeWorksAsExpected" data-provider="dataSpecialTypeObjectTesting" finished-at="2019-05-26T20:28:21Z" duration-ms="0" status="PASS">
          <params>
            <param index="0">
              <value>
                <![CDATA[Tests that the method returns true if the class is a special type object]]>
              </value>
            </param>
            <param index="1">
              <value>
                <![CDATA[class java.util.Locale]]>
              </value>
            </param>
            <param index="2">
              <value>
                <![CDATA[true]]>
              </value>
            </param>
          </params>
          <reporter-output>
          </reporter-output>
        </test-method> <!-- testIsSpecialTypeWorksAsExpected -->
        <test-method signature="testIsSpecialTypeWorksAsExpected(java.lang.String, java.lang.Class, boolean)[pri:0, instance:com.hotels.beans.utils.ClassUtilsTest@340a8894]" started-at="2019-05-26T20:28:21Z" name="testIsSpecialTypeWorksAsExpected" data-provider="dataSpecialTypeObjectTesting" finished-at="2019-05-26T20:28:21Z" duration-ms="1" status="PASS">
          <params>
            <param index="0">
              <value>
                <![CDATA[Tests that the method returns false if the class is not a special type object]]>
              </value>
            </param>
            <param index="1">
              <value>
                <![CDATA[class java.math.BigDecimal]]>
              </value>
            </param>
            <param index="2">
              <value>
                <![CDATA[false]]>
              </value>
            </param>
          </params>
          <reporter-output>
          </reporter-output>
        </test-method> <!-- testIsSpecialTypeWorksAsExpected -->
        <test-method signature="testIsSpecialTypeWorksAsExpected(java.lang.String, java.lang.Class, boolean)[pri:0, instance:com.hotels.beans.utils.ClassUtilsTest@340a8894]" started-at="2019-05-26T20:28:21Z" name="testIsSpecialTypeWorksAsExpected" data-provider="dataSpecialTypeObjectTesting" finished-at="2019-05-26T20:28:21Z" duration-ms="0" status="PASS">
          <params>
            <param index="0">
              <value>
                <![CDATA[Tests that the method returns true if the class is an instance of Temporal interface]]>
              </value>
            </param>
            <param index="1">
              <value>
                <![CDATA[class java.time.Instant]]>
              </value>
            </param>
            <param index="2">
              <value>
                <![CDATA[true]]>
              </value>
            </param>
          </params>
          <reporter-output>
          </reporter-output>
        </test-method> <!-- testIsSpecialTypeWorksAsExpected -->
      </class> <!-- com.hotels.beans.utils.ClassUtilsTest -->
      <class name="com.hotels.beans.utils.ReflectionUtilsTest">
        <test-method is-config="true" signature="beforeClass()[pri:0, instance:com.hotels.beans.utils.ReflectionUtilsTest@7a8b9166]" started-at="2019-05-26T20:28:21Z" name="beforeClass" finished-at="2019-05-26T20:28:21Z" duration-ms="3" status="PASS">
          <reporter-output>
          </reporter-output>
        </test-method> <!-- beforeClass -->
        <test-method signature="testGetArrayTypeWorksProperly()[pri:0, instance:com.hotels.beans.utils.ReflectionUtilsTest@7a8b9166]" started-at="2019-05-26T20:28:21Z" name="testGetArrayTypeWorksProperly" finished-at="2019-05-26T20:28:21Z" duration-ms="2" status="PASS">
          <reporter-output>
          </reporter-output>
        </test-method> <!-- testGetArrayTypeWorksProperly -->
        <test-method signature="testGetDeclaredFieldRaisesAnExceptionIfTheFieldDoesNotExists()[pri:0, instance:com.hotels.beans.utils.ReflectionUtilsTest@7a8b9166]" started-at="2019-05-26T20:28:21Z" name="testGetDeclaredFieldRaisesAnExceptionIfTheFieldDoesNotExists" finished-at="2019-05-26T20:28:21Z" duration-ms="13" status="PASS">
          <exception class="com.hotels.beans.error.MissingFieldException">
            <message>
              <![CDATA[com.hotels.beans.sample.FromFoo does not contain field: notExistingField]]>
            </message>
            <full-stacktrace>
              <![CDATA[com.hotels.beans.error.MissingFieldException: com.hotels.beans.sample.FromFoo does not contain field: notExistingField
at com.hotels.beans.utils.ReflectionUtils.lambda$getDeclaredField$4(ReflectionUtils.java:247)
at java.base/java.util.Optional.orElseGet(Optional.java:369)
at com.hotels.beans.utils.ReflectionUtils.getDeclaredField(ReflectionUtils.java:237)
at com.hotels.beans.utils.ReflectionUtils.lambda$getDeclaredField$4(ReflectionUtils.java:245)
at java.base/java.util.Optional.orElseGet(Optional.java:369)
at com.hotels.beans.utils.ReflectionUtils.getDeclaredField(ReflectionUtils.java:237)
at com.hotels.beans.utils.ReflectionUtilsTest.testGetDeclaredFieldRaisesAnExceptionIfTheFieldDoesNotExists(ReflectionUtilsTest.java:427)
at java.base/jdk.internal.reflect.NativeMethodAccessorImpl.invoke0(Native Method)
at java.base/jdk.internal.reflect.NativeMethodAccessorImpl.invoke(NativeMethodAccessorImpl.java:62)
at java.base/jdk.internal.reflect.DelegatingMethodAccessorImpl.invoke(DelegatingMethodAccessorImpl.java:43)
at java.base/java.lang.reflect.Method.invoke(Method.java:566)
at org.testng.internal.MethodInvocationHelper.invokeMethod(MethodInvocationHelper.java:124)
at org.testng.internal.Invoker.invokeMethod(Invoker.java:583)
at org.testng.internal.Invoker.invokeTestMethod(Invoker.java:719)
at org.testng.internal.Invoker.invokeTestMethods(Invoker.java:989)
at org.testng.internal.TestMethodWorker.invokeTestMethods(TestMethodWorker.java:125)
at org.testng.internal.TestMethodWorker.run(TestMethodWorker.java:109)
at org.testng.TestRunner.privateRun(TestRunner.java:648)
at org.testng.TestRunner.run(TestRunner.java:505)
at org.testng.SuiteRunner.runTest(SuiteRunner.java:455)
at org.testng.SuiteRunner.runSequentially(SuiteRunner.java:450)
at org.testng.SuiteRunner.privateRun(SuiteRunner.java:415)
at org.testng.SuiteRunner.run(SuiteRunner.java:364)
at org.testng.SuiteRunnerWorker.runSuite(SuiteRunnerWorker.java:52)
at org.testng.SuiteRunnerWorker.run(SuiteRunnerWorker.java:84)
at org.testng.TestNG.runSuitesSequentially(TestNG.java:1208)
at org.testng.TestNG.runSuitesLocally(TestNG.java:1137)
at org.testng.TestNG.runSuites(TestNG.java:1049)
at org.testng.TestNG.run(TestNG.java:1017)
at org.apache.maven.surefire.testng.TestNGExecutor.run(TestNGExecutor.java:135)
at org.apache.maven.surefire.testng.TestNGDirectoryTestSuite.executeMulti(TestNGDirectoryTestSuite.java:193)
at org.apache.maven.surefire.testng.TestNGDirectoryTestSuite.execute(TestNGDirectoryTestSuite.java:94)
at org.apache.maven.surefire.testng.TestNGProvider.invoke(TestNGProvider.java:146)
at org.apache.maven.surefire.booter.ForkedBooter.invokeProviderInSameClassLoader(ForkedBooter.java:383)
at org.apache.maven.surefire.booter.ForkedBooter.runSuitesInProcess(ForkedBooter.java:344)
at org.apache.maven.surefire.booter.ForkedBooter.execute(ForkedBooter.java:125)
at org.apache.maven.surefire.booter.ForkedBooter.main(ForkedBooter.java:417)
]]>
            </full-stacktrace>
          </exception> <!-- com.hotels.beans.error.MissingFieldException -->
          <reporter-output>
          </reporter-output>
        </test-method> <!-- testGetDeclaredFieldRaisesAnExceptionIfTheFieldDoesNotExists -->
        <test-method signature="testGetDeclaredFieldTypeWorksProperly()[pri:0, instance:com.hotels.beans.utils.ReflectionUtilsTest@7a8b9166]" started-at="2019-05-26T20:28:21Z" name="testGetDeclaredFieldTypeWorksProperly" finished-at="2019-05-26T20:28:21Z" duration-ms="1" status="PASS">
          <reporter-output>
          </reporter-output>
        </test-method> <!-- testGetDeclaredFieldTypeWorksProperly -->
        <test-method signature="testGetDeclaredFieldWorksProperly()[pri:0, instance:com.hotels.beans.utils.ReflectionUtilsTest@7a8b9166]" started-at="2019-05-26T20:28:21Z" name="testGetDeclaredFieldWorksProperly" finished-at="2019-05-26T20:28:21Z" duration-ms="0" status="PASS">
          <reporter-output>
          </reporter-output>
        </test-method> <!-- testGetDeclaredFieldWorksProperly -->
        <test-method signature="testGetFieldAnnotationWorksProperly(java.lang.String, java.lang.Class, boolean)[pri:0, instance:com.hotels.beans.utils.ReflectionUtilsTest@7a8b9166]" started-at="2019-05-26T20:28:21Z" name="testGetFieldAnnotationWorksProperly" data-provider="dataGetFieldAnnotationTesting" finished-at="2019-05-26T20:28:21Z" duration-ms="21" status="PASS">
          <params>
            <param index="0">
              <value>
                <![CDATA[Tests that the method returns the field's annotation: 'NotNull' for the given field]]>
              </value>
            </param>
            <param index="1">
              <value>
                <![CDATA[interface javax.validation.constraints.NotNull]]>
              </value>
            </param>
            <param index="2">
              <value>
                <![CDATA[false]]>
              </value>
            </param>
          </params>
          <reporter-output>
          </reporter-output>
        </test-method> <!-- testGetFieldAnnotationWorksProperly -->
        <test-method signature="testGetFieldAnnotationWorksProperly(java.lang.String, java.lang.Class, boolean)[pri:0, instance:com.hotels.beans.utils.ReflectionUtilsTest@7a8b9166]" started-at="2019-05-26T20:28:21Z" name="testGetFieldAnnotationWorksProperly" data-provider="dataGetFieldAnnotationTesting" finished-at="2019-05-26T20:28:21Z" duration-ms="0" status="PASS">
          <params>
            <param index="0">
              <value>
                <![CDATA[Tests that the method returns: null in case the searched annotation does not exists on the given field]]>
              </value>
            </param>
            <param index="1">
              <value>
                <![CDATA[interface javax.validation.constraints.NotBlank]]>
              </value>
            </param>
            <param index="2">
              <value>
                <![CDATA[true]]>
              </value>
            </param>
          </params>
          <reporter-output>
          </reporter-output>
        </test-method> <!-- testGetFieldAnnotationWorksProperly -->
        <test-method signature="testGetFieldValueDirectAccessThrowsExceptionIfTheFieldDoesNotExists(java.lang.String, java.lang.Object, java.lang.String)[pri:0, instance:com.hotels.beans.utils.ReflectionUtilsTest@7a8b9166]" started-at="2019-05-26T20:28:21Z" name="testGetFieldValueDirectAccessThrowsExceptionIfTheFieldDoesNotExists" data-provider="dataGetFieldValueDirectAccessTesting" finished-at="2019-05-26T20:28:21Z" duration-ms="2" status="PASS">
          <params>
            <param index="0">
              <value>
                <![CDATA[Tests that the method throws Exception if the field does not exists]]>
              </value>
            </param>
            <param index="1">
              <value>
                <![CDATA[MutableToFoo]]>
              </value>
            </param>
            <param index="2">
              <value>
                <![CDATA[notExistingField]]>
              </value>
            </param>
          </params>
          <exception class="java.lang.reflect.InvocationTargetException">
            <full-stacktrace>
              <![CDATA[java.lang.reflect.InvocationTargetException
at java.base/jdk.internal.reflect.NativeMethodAccessorImpl.invoke0(Native Method)
at java.base/jdk.internal.reflect.NativeMethodAccessorImpl.invoke(NativeMethodAccessorImpl.java:62)
at java.base/jdk.internal.reflect.DelegatingMethodAccessorImpl.invoke(DelegatingMethodAccessorImpl.java:43)
at java.base/java.lang.reflect.Method.invoke(Method.java:566)
at com.hotels.beans.utils.ReflectionUtilsTest.testGetFieldValueDirectAccessThrowsExceptionIfTheFieldDoesNotExists(ReflectionUtilsTest.java:171)
at java.base/jdk.internal.reflect.NativeMethodAccessorImpl.invoke0(Native Method)
at java.base/jdk.internal.reflect.NativeMethodAccessorImpl.invoke(NativeMethodAccessorImpl.java:62)
at java.base/jdk.internal.reflect.DelegatingMethodAccessorImpl.invoke(DelegatingMethodAccessorImpl.java:43)
at java.base/java.lang.reflect.Method.invoke(Method.java:566)
at org.testng.internal.MethodInvocationHelper.invokeMethod(MethodInvocationHelper.java:124)
at org.testng.internal.Invoker.invokeMethod(Invoker.java:583)
at org.testng.internal.Invoker.invokeTestMethod(Invoker.java:719)
at org.testng.internal.Invoker.invokeTestMethods(Invoker.java:989)
at org.testng.internal.TestMethodWorker.invokeTestMethods(TestMethodWorker.java:125)
at org.testng.internal.TestMethodWorker.run(TestMethodWorker.java:109)
at org.testng.TestRunner.privateRun(TestRunner.java:648)
at org.testng.TestRunner.run(TestRunner.java:505)
at org.testng.SuiteRunner.runTest(SuiteRunner.java:455)
at org.testng.SuiteRunner.runSequentially(SuiteRunner.java:450)
at org.testng.SuiteRunner.privateRun(SuiteRunner.java:415)
at org.testng.SuiteRunner.run(SuiteRunner.java:364)
at org.testng.SuiteRunnerWorker.runSuite(SuiteRunnerWorker.java:52)
at org.testng.SuiteRunnerWorker.run(SuiteRunnerWorker.java:84)
at org.testng.TestNG.runSuitesSequentially(TestNG.java:1208)
at org.testng.TestNG.runSuitesLocally(TestNG.java:1137)
at org.testng.TestNG.runSuites(TestNG.java:1049)
at org.testng.TestNG.run(TestNG.java:1017)
at org.apache.maven.surefire.testng.TestNGExecutor.run(TestNGExecutor.java:135)
at org.apache.maven.surefire.testng.TestNGDirectoryTestSuite.executeMulti(TestNGDirectoryTestSuite.java:193)
at org.apache.maven.surefire.testng.TestNGDirectoryTestSuite.execute(TestNGDirectoryTestSuite.java:94)
at org.apache.maven.surefire.testng.TestNGProvider.invoke(TestNGProvider.java:146)
at org.apache.maven.surefire.booter.ForkedBooter.invokeProviderInSameClassLoader(ForkedBooter.java:383)
at org.apache.maven.surefire.booter.ForkedBooter.runSuitesInProcess(ForkedBooter.java:344)
at org.apache.maven.surefire.booter.ForkedBooter.execute(ForkedBooter.java:125)
at org.apache.maven.surefire.booter.ForkedBooter.main(ForkedBooter.java:417)
Caused by: com.hotels.beans.error.MissingFieldException: com.hotels.beans.sample.mutable.MutableToFoo does not contain field: notExistingField
at com.hotels.beans.utils.ReflectionUtils.lambda$getDeclaredField$4(ReflectionUtils.java:247)
at java.base/java.util.Optional.orElseGet(Optional.java:369)
at com.hotels.beans.utils.ReflectionUtils.getDeclaredField(ReflectionUtils.java:237)
at com.hotels.beans.utils.ReflectionUtils.getFieldValueDirectAccess(ReflectionUtils.java:219)
... 35 more
]]>
            </full-stacktrace>
          </exception> <!-- java.lang.reflect.InvocationTargetException -->
          <reporter-output>
          </reporter-output>
        </test-method> <!-- testGetFieldValueDirectAccessThrowsExceptionIfTheFieldDoesNotExists -->
        <test-method signature="testGetFieldValueDirectAccessThrowsExceptionIfTheFieldDoesNotExists(java.lang.String, java.lang.Object, java.lang.String)[pri:0, instance:com.hotels.beans.utils.ReflectionUtilsTest@7a8b9166]" started-at="2019-05-26T20:28:21Z" name="testGetFieldValueDirectAccessThrowsExceptionIfTheFieldDoesNotExists" data-provider="dataGetFieldValueDirectAccessTesting" finished-at="2019-05-26T20:28:21Z" duration-ms="2" status="PASS">
          <params>
            <param index="0">
              <value>
                <![CDATA[Tests that the method throws Exception if the bean is null]]>
              </value>
            </param>
            <param index="1">
              <value is-null="true"/>
            </param>
            <param index="2">
              <value>
                <![CDATA[nestedObject.name]]>
              </value>
            </param>
          </params>
          <exception class="java.lang.reflect.InvocationTargetException">
            <full-stacktrace>
              <![CDATA[java.lang.reflect.InvocationTargetException
at java.base/jdk.internal.reflect.NativeMethodAccessorImpl.invoke0(Native Method)
at java.base/jdk.internal.reflect.NativeMethodAccessorImpl.invoke(NativeMethodAccessorImpl.java:62)
at java.base/jdk.internal.reflect.DelegatingMethodAccessorImpl.invoke(DelegatingMethodAccessorImpl.java:43)
at java.base/java.lang.reflect.Method.invoke(Method.java:566)
at com.hotels.beans.utils.ReflectionUtilsTest.testGetFieldValueDirectAccessThrowsExceptionIfTheFieldDoesNotExists(ReflectionUtilsTest.java:171)
at java.base/jdk.internal.reflect.NativeMethodAccessorImpl.invoke0(Native Method)
at java.base/jdk.internal.reflect.NativeMethodAccessorImpl.invoke(NativeMethodAccessorImpl.java:62)
at java.base/jdk.internal.reflect.DelegatingMethodAccessorImpl.invoke(DelegatingMethodAccessorImpl.java:43)
at java.base/java.lang.reflect.Method.invoke(Method.java:566)
at org.testng.internal.MethodInvocationHelper.invokeMethod(MethodInvocationHelper.java:124)
at org.testng.internal.Invoker.invokeMethod(Invoker.java:583)
at org.testng.internal.Invoker.invokeTestMethod(Invoker.java:719)
at org.testng.internal.Invoker.invokeTestMethods(Invoker.java:989)
at org.testng.internal.TestMethodWorker.invokeTestMethods(TestMethodWorker.java:125)
at org.testng.internal.TestMethodWorker.run(TestMethodWorker.java:109)
at org.testng.TestRunner.privateRun(TestRunner.java:648)
at org.testng.TestRunner.run(TestRunner.java:505)
at org.testng.SuiteRunner.runTest(SuiteRunner.java:455)
at org.testng.SuiteRunner.runSequentially(SuiteRunner.java:450)
at org.testng.SuiteRunner.privateRun(SuiteRunner.java:415)
at org.testng.SuiteRunner.run(SuiteRunner.java:364)
at org.testng.SuiteRunnerWorker.runSuite(SuiteRunnerWorker.java:52)
at org.testng.SuiteRunnerWorker.run(SuiteRunnerWorker.java:84)
at org.testng.TestNG.runSuitesSequentially(TestNG.java:1208)
at org.testng.TestNG.runSuitesLocally(TestNG.java:1137)
at org.testng.TestNG.runSuites(TestNG.java:1049)
at org.testng.TestNG.run(TestNG.java:1017)
at org.apache.maven.surefire.testng.TestNGExecutor.run(TestNGExecutor.java:135)
at org.apache.maven.surefire.testng.TestNGDirectoryTestSuite.executeMulti(TestNGDirectoryTestSuite.java:193)
at org.apache.maven.surefire.testng.TestNGDirectoryTestSuite.execute(TestNGDirectoryTestSuite.java:94)
at org.apache.maven.surefire.testng.TestNGProvider.invoke(TestNGProvider.java:146)
at org.apache.maven.surefire.booter.ForkedBooter.invokeProviderInSameClassLoader(ForkedBooter.java:383)
at org.apache.maven.surefire.booter.ForkedBooter.runSuitesInProcess(ForkedBooter.java:344)
at org.apache.maven.surefire.booter.ForkedBooter.execute(ForkedBooter.java:125)
at org.apache.maven.surefire.booter.ForkedBooter.main(ForkedBooter.java:417)
Caused by: java.lang.NullPointerException
at com.hotels.beans.utils.ReflectionUtils.getFieldValueDirectAccess(ReflectionUtils.java:219)
... 35 more
]]>
            </full-stacktrace>
          </exception> <!-- java.lang.reflect.InvocationTargetException -->
          <reporter-output>
          </reporter-output>
        </test-method> <!-- testGetFieldValueDirectAccessThrowsExceptionIfTheFieldDoesNotExists -->
        <test-method signature="testGetFieldValueDirectAccessWorksAsExpected()[pri:0, instance:com.hotels.beans.utils.ReflectionUtilsTest@7a8b9166]" started-at="2019-05-26T20:28:21Z" name="testGetFieldValueDirectAccessWorksAsExpected" finished-at="2019-05-26T20:28:21Z" duration-ms="1" status="PASS">
          <reporter-output>
          </reporter-output>
        </test-method> <!-- testGetFieldValueDirectAccessWorksAsExpected -->
        <test-method signature="testGetFieldValueThrowsExceptionIfTheFieldDoesNotExists()[pri:0, instance:com.hotels.beans.utils.ReflectionUtilsTest@7a8b9166]" started-at="2019-05-26T20:28:21Z" name="testGetFieldValueThrowsExceptionIfTheFieldDoesNotExists" finished-at="2019-05-26T20:28:21Z" duration-ms="2" status="PASS">
          <exception class="com.hotels.beans.error.MissingFieldException">
            <message>
              <![CDATA[com.hotels.beans.sample.mutable.MutableToFoo does not contain field: notExistingField]]>
            </message>
            <full-stacktrace>
              <![CDATA[com.hotels.beans.error.MissingFieldException: com.hotels.beans.sample.mutable.MutableToFoo does not contain field: notExistingField
at com.hotels.beans.utils.ReflectionUtils.lambda$getGetterMethod$1(ReflectionUtils.java:161)
at java.base/java.util.Optional.orElseGet(Optional.java:369)
at com.hotels.beans.utils.ReflectionUtils.getGetterMethod(ReflectionUtils.java:148)
at com.hotels.beans.utils.ReflectionUtils.getFieldValue(ReflectionUtils.java:132)
at com.hotels.beans.utils.ReflectionUtilsTest.testGetFieldValueThrowsExceptionIfTheFieldDoesNotExists(ReflectionUtilsTest.java:135)
at java.base/jdk.internal.reflect.NativeMethodAccessorImpl.invoke0(Native Method)
at java.base/jdk.internal.reflect.NativeMethodAccessorImpl.invoke(NativeMethodAccessorImpl.java:62)
at java.base/jdk.internal.reflect.DelegatingMethodAccessorImpl.invoke(DelegatingMethodAccessorImpl.java:43)
at java.base/java.lang.reflect.Method.invoke(Method.java:566)
at org.testng.internal.MethodInvocationHelper.invokeMethod(MethodInvocationHelper.java:124)
at org.testng.internal.Invoker.invokeMethod(Invoker.java:583)
at org.testng.internal.Invoker.invokeTestMethod(Invoker.java:719)
at org.testng.internal.Invoker.invokeTestMethods(Invoker.java:989)
at org.testng.internal.TestMethodWorker.invokeTestMethods(TestMethodWorker.java:125)
at org.testng.internal.TestMethodWorker.run(TestMethodWorker.java:109)
at org.testng.TestRunner.privateRun(TestRunner.java:648)
at org.testng.TestRunner.run(TestRunner.java:505)
at org.testng.SuiteRunner.runTest(SuiteRunner.java:455)
at org.testng.SuiteRunner.runSequentially(SuiteRunner.java:450)
at org.testng.SuiteRunner.privateRun(SuiteRunner.java:415)
at org.testng.SuiteRunner.run(SuiteRunner.java:364)
at org.testng.SuiteRunnerWorker.runSuite(SuiteRunnerWorker.java:52)
at org.testng.SuiteRunnerWorker.run(SuiteRunnerWorker.java:84)
at org.testng.TestNG.runSuitesSequentially(TestNG.java:1208)
at org.testng.TestNG.runSuitesLocally(TestNG.java:1137)
at org.testng.TestNG.runSuites(TestNG.java:1049)
at org.testng.TestNG.run(TestNG.java:1017)
at org.apache.maven.surefire.testng.TestNGExecutor.run(TestNGExecutor.java:135)
at org.apache.maven.surefire.testng.TestNGDirectoryTestSuite.executeMulti(TestNGDirectoryTestSuite.java:193)
at org.apache.maven.surefire.testng.TestNGDirectoryTestSuite.execute(TestNGDirectoryTestSuite.java:94)
at org.apache.maven.surefire.testng.TestNGProvider.invoke(TestNGProvider.java:146)
at org.apache.maven.surefire.booter.ForkedBooter.invokeProviderInSameClassLoader(ForkedBooter.java:383)
at org.apache.maven.surefire.booter.ForkedBooter.runSuitesInProcess(ForkedBooter.java:344)
at org.apache.maven.surefire.booter.ForkedBooter.execute(ForkedBooter.java:125)
at org.apache.maven.surefire.booter.ForkedBooter.main(ForkedBooter.java:417)
]]>
            </full-stacktrace>
          </exception> <!-- com.hotels.beans.error.MissingFieldException -->
          <reporter-output>
          </reporter-output>
        </test-method> <!-- testGetFieldValueThrowsExceptionIfTheFieldDoesNotExists -->
        <test-method signature="testGetFieldValueWorksAsExpected(java.lang.String, java.lang.Object, java.lang.String, java.lang.Object)[pri:0, instance:com.hotels.beans.utils.ReflectionUtilsTest@7a8b9166]" started-at="2019-05-26T20:28:21Z" name="testGetFieldValueWorksAsExpected" data-provider="dataGetFieldValueTesting" finished-at="2019-05-26T20:28:21Z" duration-ms="38" status="PASS">
          <params>
            <param index="0">
              <value>
                <![CDATA[Tests that the method returns the field value]]>
              </value>
            </param>
            <param index="1">
              <value>
                <![CDATA[MutableToFoo]]>
              </value>
            </param>
            <param index="2">
              <value>
                <![CDATA[id]]>
              </value>
            </param>
            <param index="3">
              <value>
                <![CDATA[0]]>
              </value>
            </param>
          </params>
          <reporter-output>
          </reporter-output>
        </test-method> <!-- testGetFieldValueWorksAsExpected -->
        <test-method signature="testGetFieldValueWorksAsExpected(java.lang.String, java.lang.Object, java.lang.String, java.lang.Object)[pri:0, instance:com.hotels.beans.utils.ReflectionUtilsTest@7a8b9166]" started-at="2019-05-26T20:28:21Z" name="testGetFieldValueWorksAsExpected" data-provider="dataGetFieldValueTesting" finished-at="2019-05-26T20:28:21Z" duration-ms="1" status="PASS">
          <params>
            <param index="0">
              <value>
                <![CDATA[Tests that the method returns null if the required field is inside a null object]]>
              </value>
            </param>
            <param index="1">
              <value>
                <![CDATA[MutableToFoo]]>
              </value>
            </param>
            <param index="2">
              <value>
                <![CDATA[nestedObject.name]]>
              </value>
            </param>
            <param index="3">
              <value is-null="true"/>
            </param>
          </params>
          <reporter-output>
          </reporter-output>
        </test-method> <!-- testGetFieldValueWorksAsExpected -->
        <test-method signature="testGetFieldValueWorksAsExpected(java.lang.String, java.lang.Object, java.lang.String, java.lang.Object)[pri:0, instance:com.hotels.beans.utils.ReflectionUtilsTest@7a8b9166]" started-at="2019-05-26T20:28:21Z" name="testGetFieldValueWorksAsExpected" data-provider="dataGetFieldValueTesting" finished-at="2019-05-26T20:28:21Z" duration-ms="1" status="PASS">
          <params>
            <param index="0">
              <value>
                <![CDATA[Tests that the method returns the field value even if there is no getter method defined]]>
              </value>
            </param>
            <param index="1">
              <value>
                <![CDATA[com.hotels.beans.sample.FromFooSimpleNoGetters@2655ccbd]]>
              </value>
            </param>
            <param index="2">
              <value>
                <![CDATA[id]]>
              </value>
            </param>
            <param index="3">
              <value>
                <![CDATA[0]]>
              </value>
            </param>
          </params>
          <reporter-output>
          </reporter-output>
        </test-method> <!-- testGetFieldValueWorksAsExpected -->
        <test-method signature="testGetGenericFieldTypeWorksProperly()[pri:0, instance:com.hotels.beans.utils.ReflectionUtilsTest@7a8b9166]" started-at="2019-05-26T20:28:21Z" name="testGetGenericFieldTypeWorksProperly" finished-at="2019-05-26T20:28:21Z" duration-ms="1" status="PASS">
          <reporter-output>
          </reporter-output>
        </test-method> <!-- testGetGenericFieldTypeWorksProperly -->
        <test-method signature="testGetGetterMethodPrefixWorksAsExpected(java.lang.String, java.lang.Class, java.lang.String)[pri:0, instance:com.hotels.beans.utils.ReflectionUtilsTest@7a8b9166]" started-at="2019-05-26T20:28:21Z" name="testGetGetterMethodPrefixWorksAsExpected" data-provider="dataGetGetterMethodPrefixTesting" finished-at="2019-05-26T20:28:21Z" duration-ms="1" status="PASS">
          <params>
            <param index="0">
              <value>
                <![CDATA[Tests that the method returns the prefix: 'get' in case the returned class is a String ]]>
              </value>
            </param>
            <param index="1">
              <value>
                <![CDATA[class java.lang.String]]>
              </value>
            </param>
            <param index="2">
              <value>
                <![CDATA[get]]>
              </value>
            </param>
          </params>
          <reporter-output>
          </reporter-output>
        </test-method> <!-- testGetGetterMethodPrefixWorksAsExpected -->
        <test-method signature="testGetGetterMethodPrefixWorksAsExpected(java.lang.String, java.lang.Class, java.lang.String)[pri:0, instance:com.hotels.beans.utils.ReflectionUtilsTest@7a8b9166]" started-at="2019-05-26T20:28:21Z" name="testGetGetterMethodPrefixWorksAsExpected" data-provider="dataGetGetterMethodPrefixTesting" finished-at="2019-05-26T20:28:21Z" duration-ms="1" status="PASS">
          <params>
            <param index="0">
              <value>
                <![CDATA[Tests that the method returns the prefix: 'is' in case the returned class is a Boolean]]>
              </value>
            </param>
            <param index="1">
              <value>
                <![CDATA[class java.lang.Boolean]]>
              </value>
            </param>
            <param index="2">
              <value>
                <![CDATA[is]]>
              </value>
            </param>
          </params>
          <reporter-output>
          </reporter-output>
        </test-method> <!-- testGetGetterMethodPrefixWorksAsExpected -->
        <test-method signature="testGetGetterMethodPrefixWorksAsExpected(java.lang.String, java.lang.Class, java.lang.String)[pri:0, instance:com.hotels.beans.utils.ReflectionUtilsTest@7a8b9166]" started-at="2019-05-26T20:28:21Z" name="testGetGetterMethodPrefixWorksAsExpected" data-provider="dataGetGetterMethodPrefixTesting" finished-at="2019-05-26T20:28:21Z" duration-ms="0" status="PASS">
          <params>
            <param index="0">
              <value>
                <![CDATA[Tests that the method returns the prefix: 'is' in case the returned class is a primitive boolean]]>
              </value>
            </param>
            <param index="1">
              <value>
                <![CDATA[boolean]]>
              </value>
            </param>
            <param index="2">
              <value>
                <![CDATA[is]]>
              </value>
            </param>
          </params>
          <reporter-output>
          </reporter-output>
        </test-method> <!-- testGetGetterMethodPrefixWorksAsExpected -->
        <test-method signature="testGetMapGenericTypeThrowsIllegalArgumentExceptionWhenTheGivenTypeIsNotAMap()[pri:0, instance:com.hotels.beans.utils.ReflectionUtilsTest@7a8b9166]" started-at="2019-05-26T20:28:21Z" name="testGetMapGenericTypeThrowsIllegalArgumentExceptionWhenTheGivenTypeIsNotAMap" finished-at="2019-05-26T20:28:21Z" duration-ms="41" status="PASS">
          <exception class="java.lang.IllegalArgumentException">
            <message>
              <![CDATA[Type for object: list is invalid. It cannot be assigned from: java.util.Map.]]>
            </message>
            <full-stacktrace>
              <![CDATA[java.lang.IllegalArgumentException: Type for object: list is invalid. It cannot be assigned from: java.util.Map.
at com.hotels.beans.utils.ReflectionUtils.lambda$getMapGenericType$9(ReflectionUtils.java:410)
at java.base/java.util.Optional.orElseGet(Optional.java:369)
at com.hotels.beans.utils.ReflectionUtils.getMapGenericType(ReflectionUtils.java:407)
at com.hotels.beans.utils.ReflectionUtilsTest.testGetMapGenericTypeThrowsIllegalArgumentExceptionWhenTheGivenTypeIsNotAMap(ReflectionUtilsTest.java:243)
at java.base/jdk.internal.reflect.NativeMethodAccessorImpl.invoke0(Native Method)
at java.base/jdk.internal.reflect.NativeMethodAccessorImpl.invoke(NativeMethodAccessorImpl.java:62)
at java.base/jdk.internal.reflect.DelegatingMethodAccessorImpl.invoke(DelegatingMethodAccessorImpl.java:43)
at java.base/java.lang.reflect.Method.invoke(Method.java:566)
at org.testng.internal.MethodInvocationHelper.invokeMethod(MethodInvocationHelper.java:124)
at org.testng.internal.Invoker.invokeMethod(Invoker.java:583)
at org.testng.internal.Invoker.invokeTestMethod(Invoker.java:719)
at org.testng.internal.Invoker.invokeTestMethods(Invoker.java:989)
at org.testng.internal.TestMethodWorker.invokeTestMethods(TestMethodWorker.java:125)
at org.testng.internal.TestMethodWorker.run(TestMethodWorker.java:109)
at org.testng.TestRunner.privateRun(TestRunner.java:648)
at org.testng.TestRunner.run(TestRunner.java:505)
at org.testng.SuiteRunner.runTest(SuiteRunner.java:455)
at org.testng.SuiteRunner.runSequentially(SuiteRunner.java:450)
at org.testng.SuiteRunner.privateRun(SuiteRunner.java:415)
at org.testng.SuiteRunner.run(SuiteRunner.java:364)
at org.testng.SuiteRunnerWorker.runSuite(SuiteRunnerWorker.java:52)
at org.testng.SuiteRunnerWorker.run(SuiteRunnerWorker.java:84)
at org.testng.TestNG.runSuitesSequentially(TestNG.java:1208)
at org.testng.TestNG.runSuitesLocally(TestNG.java:1137)
at org.testng.TestNG.runSuites(TestNG.java:1049)
at org.testng.TestNG.run(TestNG.java:1017)
at org.apache.maven.surefire.testng.TestNGExecutor.run(TestNGExecutor.java:135)
at org.apache.maven.surefire.testng.TestNGDirectoryTestSuite.executeMulti(TestNGDirectoryTestSuite.java:193)
at org.apache.maven.surefire.testng.TestNGDirectoryTestSuite.execute(TestNGDirectoryTestSuite.java:94)
at org.apache.maven.surefire.testng.TestNGProvider.invoke(TestNGProvider.java:146)
at org.apache.maven.surefire.booter.ForkedBooter.invokeProviderInSameClassLoader(ForkedBooter.java:383)
at org.apache.maven.surefire.booter.ForkedBooter.runSuitesInProcess(ForkedBooter.java:344)
at org.apache.maven.surefire.booter.ForkedBooter.execute(ForkedBooter.java:125)
at org.apache.maven.surefire.booter.ForkedBooter.main(ForkedBooter.java:417)
]]>
            </full-stacktrace>
          </exception> <!-- java.lang.IllegalArgumentException -->
          <reporter-output>
          </reporter-output>
        </test-method> <!-- testGetMapGenericTypeThrowsIllegalArgumentExceptionWhenTheGivenTypeIsNotAMap -->
        <test-method signature="testGetParameterAnnotationReturnsNullIfTheAnnotationDoesNotExists()[pri:0, instance:com.hotels.beans.utils.ReflectionUtilsTest@7a8b9166]" started-at="2019-05-26T20:28:21Z" name="testGetParameterAnnotationReturnsNullIfTheAnnotationDoesNotExists" finished-at="2019-05-26T20:28:21Z" duration-ms="10" status="PASS">
          <reporter-output>
          </reporter-output>
        </test-method> <!-- testGetParameterAnnotationReturnsNullIfTheAnnotationDoesNotExists -->
        <test-method signature="testGetParameterAnnotationReturnsTheAnnotationIfExists()[pri:0, instance:com.hotels.beans.utils.ReflectionUtilsTest@7a8b9166]" started-at="2019-05-26T20:28:21Z" name="testGetParameterAnnotationReturnsTheAnnotationIfExists" finished-at="2019-05-26T20:28:21Z" duration-ms="273" status="PASS">
          <reporter-output>
          </reporter-output>
        </test-method> <!-- testGetParameterAnnotationReturnsTheAnnotationIfExists -->
        <test-method signature="testGetSetterMethodForFieldThrowsExceptionIfTheMethodDoesNotExists()[pri:0, instance:com.hotels.beans.utils.ReflectionUtilsTest@7a8b9166]" started-at="2019-05-26T20:28:21Z" name="testGetSetterMethodForFieldThrowsExceptionIfTheMethodDoesNotExists" finished-at="2019-05-26T20:28:21Z" duration-ms="3" status="PASS">
          <exception class="com.hotels.beans.error.MissingMethodException">
            <message>
              <![CDATA[com.hotels.beans.sample.mutable.MutableToFoo.setNotExistingField(java.math.BigInteger)]]>
            </message>
            <full-stacktrace>
              <![CDATA[com.hotels.beans.error.MissingMethodException: com.hotels.beans.sample.mutable.MutableToFoo.setNotExistingField(java.math.BigInteger)
at com.hotels.beans.utils.ReflectionUtils.lambda$getSetterMethodForField$7(ReflectionUtils.java:372)
at java.base/java.util.Optional.orElseGet(Optional.java:369)
at com.hotels.beans.utils.ReflectionUtils.getSetterMethodForField(ReflectionUtils.java:365)
at com.hotels.beans.utils.ReflectionUtilsTest.testGetSetterMethodForFieldThrowsExceptionIfTheMethodDoesNotExists(ReflectionUtilsTest.java:336)
at java.base/jdk.internal.reflect.NativeMethodAccessorImpl.invoke0(Native Method)
at java.base/jdk.internal.reflect.NativeMethodAccessorImpl.invoke(NativeMethodAccessorImpl.java:62)
at java.base/jdk.internal.reflect.DelegatingMethodAccessorImpl.invoke(DelegatingMethodAccessorImpl.java:43)
at java.base/java.lang.reflect.Method.invoke(Method.java:566)
at org.testng.internal.MethodInvocationHelper.invokeMethod(MethodInvocationHelper.java:124)
at org.testng.internal.Invoker.invokeMethod(Invoker.java:583)
at org.testng.internal.Invoker.invokeTestMethod(Invoker.java:719)
at org.testng.internal.Invoker.invokeTestMethods(Invoker.java:989)
at org.testng.internal.TestMethodWorker.invokeTestMethods(TestMethodWorker.java:125)
at org.testng.internal.TestMethodWorker.run(TestMethodWorker.java:109)
at org.testng.TestRunner.privateRun(TestRunner.java:648)
at org.testng.TestRunner.run(TestRunner.java:505)
at org.testng.SuiteRunner.runTest(SuiteRunner.java:455)
at org.testng.SuiteRunner.runSequentially(SuiteRunner.java:450)
at org.testng.SuiteRunner.privateRun(SuiteRunner.java:415)
at org.testng.SuiteRunner.run(SuiteRunner.java:364)
at org.testng.SuiteRunnerWorker.runSuite(SuiteRunnerWorker.java:52)
at org.testng.SuiteRunnerWorker.run(SuiteRunnerWorker.java:84)
at org.testng.TestNG.runSuitesSequentially(TestNG.java:1208)
at org.testng.TestNG.runSuitesLocally(TestNG.java:1137)
at org.testng.TestNG.runSuites(TestNG.java:1049)
at org.testng.TestNG.run(TestNG.java:1017)
at org.apache.maven.surefire.testng.TestNGExecutor.run(TestNGExecutor.java:135)
at org.apache.maven.surefire.testng.TestNGDirectoryTestSuite.executeMulti(TestNGDirectoryTestSuite.java:193)
at org.apache.maven.surefire.testng.TestNGDirectoryTestSuite.execute(TestNGDirectoryTestSuite.java:94)
at org.apache.maven.surefire.testng.TestNGProvider.invoke(TestNGProvider.java:146)
at org.apache.maven.surefire.booter.ForkedBooter.invokeProviderInSameClassLoader(ForkedBooter.java:383)
at org.apache.maven.surefire.booter.ForkedBooter.runSuitesInProcess(ForkedBooter.java:344)
at org.apache.maven.surefire.booter.ForkedBooter.execute(ForkedBooter.java:125)
at org.apache.maven.surefire.booter.ForkedBooter.main(ForkedBooter.java:417)
]]>
            </full-stacktrace>
          </exception> <!-- com.hotels.beans.error.MissingMethodException -->
          <reporter-output>
          </reporter-output>
        </test-method> <!-- testGetSetterMethodForFieldThrowsExceptionIfTheMethodDoesNotExists -->
        <test-method signature="testGetSetterMethodForFieldWorksProperly()[pri:0, instance:com.hotels.beans.utils.ReflectionUtilsTest@7a8b9166]" started-at="2019-05-26T20:28:21Z" name="testGetSetterMethodForFieldWorksProperly" finished-at="2019-05-26T20:28:21Z" duration-ms="0" status="PASS">
          <reporter-output>
          </reporter-output>
        </test-method> <!-- testGetSetterMethodForFieldWorksProperly -->
        <test-method signature="testHandleReflectionExceptionThrowsIllegalStateExceptionWhenGivenExceptionIsIllegalAccessException()[pri:0, instance:com.hotels.beans.utils.ReflectionUtilsTest@7a8b9166]" started-at="2019-05-26T20:28:21Z" name="testHandleReflectionExceptionThrowsIllegalStateExceptionWhenGivenExceptionIsIllegalAccessException" finished-at="2019-05-26T20:28:21Z" duration-ms="1" status="PASS">
          <exception class="java.lang.IllegalStateException">
            <message>
              <![CDATA[Could not access method: null]]>
            </message>
            <full-stacktrace>
              <![CDATA[java.lang.IllegalStateException: Could not access method: null
at com.hotels.beans.utils.ReflectionUtils.handleReflectionException(ReflectionUtils.java:510)
at com.hotels.beans.utils.ReflectionUtilsTest.testHandleReflectionExceptionThrowsIllegalStateExceptionWhenGivenExceptionIsIllegalAccessException(ReflectionUtilsTest.java:208)
at java.base/jdk.internal.reflect.NativeMethodAccessorImpl.invoke0(Native Method)
at java.base/jdk.internal.reflect.NativeMethodAccessorImpl.invoke(NativeMethodAccessorImpl.java:62)
at java.base/jdk.internal.reflect.DelegatingMethodAccessorImpl.invoke(DelegatingMethodAccessorImpl.java:43)
at java.base/java.lang.reflect.Method.invoke(Method.java:566)
at org.testng.internal.MethodInvocationHelper.invokeMethod(MethodInvocationHelper.java:124)
at org.testng.internal.Invoker.invokeMethod(Invoker.java:583)
at org.testng.internal.Invoker.invokeTestMethod(Invoker.java:719)
at org.testng.internal.Invoker.invokeTestMethods(Invoker.java:989)
at org.testng.internal.TestMethodWorker.invokeTestMethods(TestMethodWorker.java:125)
at org.testng.internal.TestMethodWorker.run(TestMethodWorker.java:109)
at org.testng.TestRunner.privateRun(TestRunner.java:648)
at org.testng.TestRunner.run(TestRunner.java:505)
at org.testng.SuiteRunner.runTest(SuiteRunner.java:455)
at org.testng.SuiteRunner.runSequentially(SuiteRunner.java:450)
at org.testng.SuiteRunner.privateRun(SuiteRunner.java:415)
at org.testng.SuiteRunner.run(SuiteRunner.java:364)
at org.testng.SuiteRunnerWorker.runSuite(SuiteRunnerWorker.java:52)
at org.testng.SuiteRunnerWorker.run(SuiteRunnerWorker.java:84)
at org.testng.TestNG.runSuitesSequentially(TestNG.java:1208)
at org.testng.TestNG.runSuitesLocally(TestNG.java:1137)
at org.testng.TestNG.runSuites(TestNG.java:1049)
at org.testng.TestNG.run(TestNG.java:1017)
at org.apache.maven.surefire.testng.TestNGExecutor.run(TestNGExecutor.java:135)
at org.apache.maven.surefire.testng.TestNGDirectoryTestSuite.executeMulti(TestNGDirectoryTestSuite.java:193)
at org.apache.maven.surefire.testng.TestNGDirectoryTestSuite.execute(TestNGDirectoryTestSuite.java:94)
at org.apache.maven.surefire.testng.TestNGProvider.invoke(TestNGProvider.java:146)
at org.apache.maven.surefire.booter.ForkedBooter.invokeProviderInSameClassLoader(ForkedBooter.java:383)
at org.apache.maven.surefire.booter.ForkedBooter.runSuitesInProcess(ForkedBooter.java:344)
at org.apache.maven.surefire.booter.ForkedBooter.execute(ForkedBooter.java:125)
at org.apache.maven.surefire.booter.ForkedBooter.main(ForkedBooter.java:417)
]]>
            </full-stacktrace>
          </exception> <!-- java.lang.IllegalStateException -->
          <reporter-output>
          </reporter-output>
        </test-method> <!-- testHandleReflectionExceptionThrowsIllegalStateExceptionWhenGivenExceptionIsIllegalAccessException -->
        <test-method signature="testHandleReflectionExceptionThrowsIllegalStateExceptionWhenGivenExceptionIsNoSuchMethodException()[pri:0, instance:com.hotels.beans.utils.ReflectionUtilsTest@7a8b9166]" started-at="2019-05-26T20:28:21Z" name="testHandleReflectionExceptionThrowsIllegalStateExceptionWhenGivenExceptionIsNoSuchMethodException" finished-at="2019-05-26T20:28:21Z" duration-ms="1" status="PASS">
          <exception class="java.lang.IllegalStateException">
            <message>
              <![CDATA[Method not found: null]]>
            </message>
            <full-stacktrace>
              <![CDATA[java.lang.IllegalStateException: Method not found: null
at com.hotels.beans.utils.ReflectionUtils.handleReflectionException(ReflectionUtils.java:508)
at com.hotels.beans.utils.ReflectionUtilsTest.testHandleReflectionExceptionThrowsIllegalStateExceptionWhenGivenExceptionIsNoSuchMethodException(ReflectionUtilsTest.java:196)
at java.base/jdk.internal.reflect.NativeMethodAccessorImpl.invoke0(Native Method)
at java.base/jdk.internal.reflect.NativeMethodAccessorImpl.invoke(NativeMethodAccessorImpl.java:62)
at java.base/jdk.internal.reflect.DelegatingMethodAccessorImpl.invoke(DelegatingMethodAccessorImpl.java:43)
at java.base/java.lang.reflect.Method.invoke(Method.java:566)
at org.testng.internal.MethodInvocationHelper.invokeMethod(MethodInvocationHelper.java:124)
at org.testng.internal.Invoker.invokeMethod(Invoker.java:583)
at org.testng.internal.Invoker.invokeTestMethod(Invoker.java:719)
at org.testng.internal.Invoker.invokeTestMethods(Invoker.java:989)
at org.testng.internal.TestMethodWorker.invokeTestMethods(TestMethodWorker.java:125)
at org.testng.internal.TestMethodWorker.run(TestMethodWorker.java:109)
at org.testng.TestRunner.privateRun(TestRunner.java:648)
at org.testng.TestRunner.run(TestRunner.java:505)
at org.testng.SuiteRunner.runTest(SuiteRunner.java:455)
at org.testng.SuiteRunner.runSequentially(SuiteRunner.java:450)
at org.testng.SuiteRunner.privateRun(SuiteRunner.java:415)
at org.testng.SuiteRunner.run(SuiteRunner.java:364)
at org.testng.SuiteRunnerWorker.runSuite(SuiteRunnerWorker.java:52)
at org.testng.SuiteRunnerWorker.run(SuiteRunnerWorker.java:84)
at org.testng.TestNG.runSuitesSequentially(TestNG.java:1208)
at org.testng.TestNG.runSuitesLocally(TestNG.java:1137)
at org.testng.TestNG.runSuites(TestNG.java:1049)
at org.testng.TestNG.run(TestNG.java:1017)
at org.apache.maven.surefire.testng.TestNGExecutor.run(TestNGExecutor.java:135)
at org.apache.maven.surefire.testng.TestNGDirectoryTestSuite.executeMulti(TestNGDirectoryTestSuite.java:193)
at org.apache.maven.surefire.testng.TestNGDirectoryTestSuite.execute(TestNGDirectoryTestSuite.java:94)
at org.apache.maven.surefire.testng.TestNGProvider.invoke(TestNGProvider.java:146)
at org.apache.maven.surefire.booter.ForkedBooter.invokeProviderInSameClassLoader(ForkedBooter.java:383)
at org.apache.maven.surefire.booter.ForkedBooter.runSuitesInProcess(ForkedBooter.java:344)
at org.apache.maven.surefire.booter.ForkedBooter.execute(ForkedBooter.java:125)
at org.apache.maven.surefire.booter.ForkedBooter.main(ForkedBooter.java:417)
]]>
            </full-stacktrace>
          </exception> <!-- java.lang.IllegalStateException -->
          <reporter-output>
          </reporter-output>
        </test-method> <!-- testHandleReflectionExceptionThrowsIllegalStateExceptionWhenGivenExceptionIsNoSuchMethodException -->
        <test-method signature="testHandleReflectionExceptionThrowsRuntimeExceptionWhenGivenExceptionIsRuntimeException()[pri:0, instance:com.hotels.beans.utils.ReflectionUtilsTest@7a8b9166]" started-at="2019-05-26T20:28:21Z" name="testHandleReflectionExceptionThrowsRuntimeExceptionWhenGivenExceptionIsRuntimeException" finished-at="2019-05-26T20:28:21Z" duration-ms="0" status="PASS">
          <exception class="java.lang.RuntimeException">
            <full-stacktrace>
              <![CDATA[java.lang.RuntimeException
at com.hotels.beans.utils.ReflectionUtilsTest.testHandleReflectionExceptionThrowsRuntimeExceptionWhenGivenExceptionIsRuntimeException(ReflectionUtilsTest.java:217)
at java.base/jdk.internal.reflect.NativeMethodAccessorImpl.invoke0(Native Method)
at java.base/jdk.internal.reflect.NativeMethodAccessorImpl.invoke(NativeMethodAccessorImpl.java:62)
at java.base/jdk.internal.reflect.DelegatingMethodAccessorImpl.invoke(DelegatingMethodAccessorImpl.java:43)
at java.base/java.lang.reflect.Method.invoke(Method.java:566)
at org.testng.internal.MethodInvocationHelper.invokeMethod(MethodInvocationHelper.java:124)
at org.testng.internal.Invoker.invokeMethod(Invoker.java:583)
at org.testng.internal.Invoker.invokeTestMethod(Invoker.java:719)
at org.testng.internal.Invoker.invokeTestMethods(Invoker.java:989)
at org.testng.internal.TestMethodWorker.invokeTestMethods(TestMethodWorker.java:125)
at org.testng.internal.TestMethodWorker.run(TestMethodWorker.java:109)
at org.testng.TestRunner.privateRun(TestRunner.java:648)
at org.testng.TestRunner.run(TestRunner.java:505)
at org.testng.SuiteRunner.runTest(SuiteRunner.java:455)
at org.testng.SuiteRunner.runSequentially(SuiteRunner.java:450)
at org.testng.SuiteRunner.privateRun(SuiteRunner.java:415)
at org.testng.SuiteRunner.run(SuiteRunner.java:364)
at org.testng.SuiteRunnerWorker.runSuite(SuiteRunnerWorker.java:52)
at org.testng.SuiteRunnerWorker.run(SuiteRunnerWorker.java:84)
at org.testng.TestNG.runSuitesSequentially(TestNG.java:1208)
at org.testng.TestNG.runSuitesLocally(TestNG.java:1137)
at org.testng.TestNG.runSuites(TestNG.java:1049)
at org.testng.TestNG.run(TestNG.java:1017)
at org.apache.maven.surefire.testng.TestNGExecutor.run(TestNGExecutor.java:135)
at org.apache.maven.surefire.testng.TestNGDirectoryTestSuite.executeMulti(TestNGDirectoryTestSuite.java:193)
at org.apache.maven.surefire.testng.TestNGDirectoryTestSuite.execute(TestNGDirectoryTestSuite.java:94)
at org.apache.maven.surefire.testng.TestNGProvider.invoke(TestNGProvider.java:146)
at org.apache.maven.surefire.booter.ForkedBooter.invokeProviderInSameClassLoader(ForkedBooter.java:383)
at org.apache.maven.surefire.booter.ForkedBooter.runSuitesInProcess(ForkedBooter.java:344)
at org.apache.maven.surefire.booter.ForkedBooter.execute(ForkedBooter.java:125)
at org.apache.maven.surefire.booter.ForkedBooter.main(ForkedBooter.java:417)
]]>
            </full-stacktrace>
          </exception> <!-- java.lang.RuntimeException -->
          <reporter-output>
          </reporter-output>
        </test-method> <!-- testHandleReflectionExceptionThrowsRuntimeExceptionWhenGivenExceptionIsRuntimeException -->
        <test-method signature="testInvokeMethodRaisesAnIllegalArgumentExceptionIfTheArgumentIsWrong()[pri:0, instance:com.hotels.beans.utils.ReflectionUtilsTest@7a8b9166]" started-at="2019-05-26T20:28:21Z" name="testInvokeMethodRaisesAnIllegalArgumentExceptionIfTheArgumentIsWrong" finished-at="2019-05-26T20:28:21Z" duration-ms="1" status="PASS">
          <exception class="java.lang.reflect.InvocationTargetException">
            <full-stacktrace>
              <![CDATA[java.lang.reflect.InvocationTargetException
at java.base/jdk.internal.reflect.NativeMethodAccessorImpl.invoke0(Native Method)
at java.base/jdk.internal.reflect.NativeMethodAccessorImpl.invoke(NativeMethodAccessorImpl.java:62)
at java.base/jdk.internal.reflect.DelegatingMethodAccessorImpl.invoke(DelegatingMethodAccessorImpl.java:43)
at java.base/java.lang.reflect.Method.invoke(Method.java:566)
at com.hotels.beans.utils.ReflectionUtilsTest.testInvokeMethodRaisesAnIllegalArgumentExceptionIfTheArgumentIsWrong(ReflectionUtilsTest.java:402)
at java.base/jdk.internal.reflect.NativeMethodAccessorImpl.invoke0(Native Method)
at java.base/jdk.internal.reflect.NativeMethodAccessorImpl.invoke(NativeMethodAccessorImpl.java:62)
at java.base/jdk.internal.reflect.DelegatingMethodAccessorImpl.invoke(DelegatingMethodAccessorImpl.java:43)
at java.base/java.lang.reflect.Method.invoke(Method.java:566)
at org.testng.internal.MethodInvocationHelper.invokeMethod(MethodInvocationHelper.java:124)
at org.testng.internal.Invoker.invokeMethod(Invoker.java:583)
at org.testng.internal.Invoker.invokeTestMethod(Invoker.java:719)
at org.testng.internal.Invoker.invokeTestMethods(Invoker.java:989)
at org.testng.internal.TestMethodWorker.invokeTestMethods(TestMethodWorker.java:125)
at org.testng.internal.TestMethodWorker.run(TestMethodWorker.java:109)
at org.testng.TestRunner.privateRun(TestRunner.java:648)
at org.testng.TestRunner.run(TestRunner.java:505)
at org.testng.SuiteRunner.runTest(SuiteRunner.java:455)
at org.testng.SuiteRunner.runSequentially(SuiteRunner.java:450)
at org.testng.SuiteRunner.privateRun(SuiteRunner.java:415)
at org.testng.SuiteRunner.run(SuiteRunner.java:364)
at org.testng.SuiteRunnerWorker.runSuite(SuiteRunnerWorker.java:52)
at org.testng.SuiteRunnerWorker.run(SuiteRunnerWorker.java:84)
at org.testng.TestNG.runSuitesSequentially(TestNG.java:1208)
at org.testng.TestNG.runSuitesLocally(TestNG.java:1137)
at org.testng.TestNG.runSuites(TestNG.java:1049)
at org.testng.TestNG.run(TestNG.java:1017)
at org.apache.maven.surefire.testng.TestNGExecutor.run(TestNGExecutor.java:135)
at org.apache.maven.surefire.testng.TestNGDirectoryTestSuite.executeMulti(TestNGDirectoryTestSuite.java:193)
at org.apache.maven.surefire.testng.TestNGDirectoryTestSuite.execute(TestNGDirectoryTestSuite.java:94)
at org.apache.maven.surefire.testng.TestNGProvider.invoke(TestNGProvider.java:146)
at org.apache.maven.surefire.booter.ForkedBooter.invokeProviderInSameClassLoader(ForkedBooter.java:383)
at org.apache.maven.surefire.booter.ForkedBooter.runSuitesInProcess(ForkedBooter.java:344)
at org.apache.maven.surefire.booter.ForkedBooter.execute(ForkedBooter.java:125)
at org.apache.maven.surefire.booter.ForkedBooter.main(ForkedBooter.java:417)
Caused by: java.lang.IllegalArgumentException: argument type mismatch
at java.base/jdk.internal.reflect.NativeMethodAccessorImpl.invoke0(Native Method)
at java.base/jdk.internal.reflect.NativeMethodAccessorImpl.invoke(NativeMethodAccessorImpl.java:62)
at java.base/jdk.internal.reflect.DelegatingMethodAccessorImpl.invoke(DelegatingMethodAccessorImpl.java:43)
at java.base/java.lang.reflect.Method.invoke(Method.java:566)
at com.hotels.beans.utils.ReflectionUtils.invokeMethod(ReflectionUtils.java:94)
... 35 more
]]>
            </full-stacktrace>
          </exception> <!-- java.lang.reflect.InvocationTargetException -->
          <reporter-output>
          </reporter-output>
        </test-method> <!-- testInvokeMethodRaisesAnIllegalArgumentExceptionIfTheArgumentIsWrong -->
        <test-method signature="testHandleReflectionExceptionThrowsUndeclaredThrowableExceptionWhenGivenExceptionIsInvalidBeanException()[pri:0, instance:com.hotels.beans.utils.ReflectionUtilsTest@7a8b9166]" started-at="2019-05-26T20:28:21Z" name="testHandleReflectionExceptionThrowsUndeclaredThrowableExceptionWhenGivenExceptionIsInvalidBeanException" finished-at="2019-05-26T20:28:21Z" duration-ms="0" status="PASS">
          <exception class="java.lang.reflect.UndeclaredThrowableException">
            <full-stacktrace>
              <![CDATA[java.lang.reflect.UndeclaredThrowableException
at com.hotels.beans.utils.ReflectionUtils.handleReflectionException(ReflectionUtils.java:515)
at com.hotels.beans.utils.ReflectionUtilsTest.testHandleReflectionExceptionThrowsUndeclaredThrowableExceptionWhenGivenExceptionIsInvalidBeanException(ReflectionUtilsTest.java:232)
at java.base/jdk.internal.reflect.NativeMethodAccessorImpl.invoke0(Native Method)
at java.base/jdk.internal.reflect.NativeMethodAccessorImpl.invoke(NativeMethodAccessorImpl.java:62)
at java.base/jdk.internal.reflect.DelegatingMethodAccessorImpl.invoke(DelegatingMethodAccessorImpl.java:43)
at java.base/java.lang.reflect.Method.invoke(Method.java:566)
at org.testng.internal.MethodInvocationHelper.invokeMethod(MethodInvocationHelper.java:124)
at org.testng.internal.Invoker.invokeMethod(Invoker.java:583)
at org.testng.internal.Invoker.invokeTestMethod(Invoker.java:719)
at org.testng.internal.Invoker.invokeTestMethods(Invoker.java:989)
at org.testng.internal.TestMethodWorker.invokeTestMethods(TestMethodWorker.java:125)
at org.testng.internal.TestMethodWorker.run(TestMethodWorker.java:109)
at org.testng.TestRunner.privateRun(TestRunner.java:648)
at org.testng.TestRunner.run(TestRunner.java:505)
at org.testng.SuiteRunner.runTest(SuiteRunner.java:455)
at org.testng.SuiteRunner.runSequentially(SuiteRunner.java:450)
at org.testng.SuiteRunner.privateRun(SuiteRunner.java:415)
at org.testng.SuiteRunner.run(SuiteRunner.java:364)
at org.testng.SuiteRunnerWorker.runSuite(SuiteRunnerWorker.java:52)
at org.testng.SuiteRunnerWorker.run(SuiteRunnerWorker.java:84)
at org.testng.TestNG.runSuitesSequentially(TestNG.java:1208)
at org.testng.TestNG.runSuitesLocally(TestNG.java:1137)
at org.testng.TestNG.runSuites(TestNG.java:1049)
at org.testng.TestNG.run(TestNG.java:1017)
at org.apache.maven.surefire.testng.TestNGExecutor.run(TestNGExecutor.java:135)
at org.apache.maven.surefire.testng.TestNGDirectoryTestSuite.executeMulti(TestNGDirectoryTestSuite.java:193)
at org.apache.maven.surefire.testng.TestNGDirectoryTestSuite.execute(TestNGDirectoryTestSuite.java:94)
at org.apache.maven.surefire.testng.TestNGProvider.invoke(TestNGProvider.java:146)
at org.apache.maven.surefire.booter.ForkedBooter.invokeProviderInSameClassLoader(ForkedBooter.java:383)
at org.apache.maven.surefire.booter.ForkedBooter.runSuitesInProcess(ForkedBooter.java:344)
at org.apache.maven.surefire.booter.ForkedBooter.execute(ForkedBooter.java:125)
at org.apache.maven.surefire.booter.ForkedBooter.main(ForkedBooter.java:417)
Caused by: java.lang.Exception
at com.hotels.beans.utils.ReflectionUtilsTest.testHandleReflectionExceptionThrowsUndeclaredThrowableExceptionWhenGivenExceptionIsInvalidBeanException(ReflectionUtilsTest.java:229)
... 30 more
]]>
            </full-stacktrace>
          </exception> <!-- java.lang.reflect.UndeclaredThrowableException -->
          <reporter-output>
          </reporter-output>
        </test-method> <!-- testHandleReflectionExceptionThrowsUndeclaredThrowableExceptionWhenGivenExceptionIsInvalidBeanException -->
        <test-method signature="testInvokeMethodWorksProperly()[pri:0, instance:com.hotels.beans.utils.ReflectionUtilsTest@7a8b9166]" started-at="2019-05-26T20:28:21Z" name="testInvokeMethodWorksProperly" finished-at="2019-05-26T20:28:21Z" duration-ms="0" status="PASS">
          <reporter-output>
          </reporter-output>
        </test-method> <!-- testInvokeMethodWorksProperly -->
        <test-method signature="testMapGenericFieldTypeWorksProperly()[pri:0, instance:com.hotels.beans.utils.ReflectionUtilsTest@7a8b9166]" started-at="2019-05-26T20:28:21Z" name="testMapGenericFieldTypeWorksProperly" finished-at="2019-05-26T20:28:21Z" duration-ms="5" status="PASS">
          <reporter-output>
          </reporter-output>
        </test-method> <!-- testMapGenericFieldTypeWorksProperly -->
        <test-method signature="testSetFieldValueRaiseAnExceptionIfTheValueToSetIsNotValid()[pri:0, instance:com.hotels.beans.utils.ReflectionUtilsTest@7a8b9166]" started-at="2019-05-26T20:28:21Z" name="testSetFieldValueRaiseAnExceptionIfTheValueToSetIsNotValid" finished-at="2019-05-26T20:28:21Z" duration-ms="2" status="PASS">
          <exception class="java.lang.IllegalArgumentException">
            <message>
              <![CDATA[Can not set java.math.BigInteger field com.hotels.beans.sample.mutable.MutableToFooSimple.id to java.lang.Boolean]]>
            </message>
            <full-stacktrace>
              <![CDATA[java.lang.IllegalArgumentException: Can not set java.math.BigInteger field com.hotels.beans.sample.mutable.MutableToFooSimple.id to java.lang.Boolean
at java.base/jdk.internal.reflect.UnsafeFieldAccessorImpl.throwSetIllegalArgumentException(UnsafeFieldAccessorImpl.java:167)
at java.base/jdk.internal.reflect.UnsafeFieldAccessorImpl.throwSetIllegalArgumentException(UnsafeFieldAccessorImpl.java:171)
at java.base/jdk.internal.reflect.UnsafeObjectFieldAccessorImpl.set(UnsafeObjectFieldAccessorImpl.java:81)
at java.base/java.lang.reflect.Field.set(Field.java:780)
at com.hotels.beans.utils.ReflectionUtils.setFieldValueWithoutSetterMethod(ReflectionUtils.java:312)
at com.hotels.beans.utils.ReflectionUtils.setFieldValue(ReflectionUtils.java:296)
at com.hotels.beans.utils.ReflectionUtilsTest.testSetFieldValueRaiseAnExceptionIfTheValueToSetIsNotValid(ReflectionUtilsTest.java:547)
at java.base/jdk.internal.reflect.NativeMethodAccessorImpl.invoke0(Native Method)
at java.base/jdk.internal.reflect.NativeMethodAccessorImpl.invoke(NativeMethodAccessorImpl.java:62)
at java.base/jdk.internal.reflect.DelegatingMethodAccessorImpl.invoke(DelegatingMethodAccessorImpl.java:43)
at java.base/java.lang.reflect.Method.invoke(Method.java:566)
at org.testng.internal.MethodInvocationHelper.invokeMethod(MethodInvocationHelper.java:124)
at org.testng.internal.Invoker.invokeMethod(Invoker.java:583)
at org.testng.internal.Invoker.invokeTestMethod(Invoker.java:719)
at org.testng.internal.Invoker.invokeTestMethods(Invoker.java:989)
at org.testng.internal.TestMethodWorker.invokeTestMethods(TestMethodWorker.java:125)
at org.testng.internal.TestMethodWorker.run(TestMethodWorker.java:109)
at org.testng.TestRunner.privateRun(TestRunner.java:648)
at org.testng.TestRunner.run(TestRunner.java:505)
at org.testng.SuiteRunner.runTest(SuiteRunner.java:455)
at org.testng.SuiteRunner.runSequentially(SuiteRunner.java:450)
at org.testng.SuiteRunner.privateRun(SuiteRunner.java:415)
at org.testng.SuiteRunner.run(SuiteRunner.java:364)
at org.testng.SuiteRunnerWorker.runSuite(SuiteRunnerWorker.java:52)
at org.testng.SuiteRunnerWorker.run(SuiteRunnerWorker.java:84)
at org.testng.TestNG.runSuitesSequentially(TestNG.java:1208)
at org.testng.TestNG.runSuitesLocally(TestNG.java:1137)
at org.testng.TestNG.runSuites(TestNG.java:1049)
at org.testng.TestNG.run(TestNG.java:1017)
at org.apache.maven.surefire.testng.TestNGExecutor.run(TestNGExecutor.java:135)
at org.apache.maven.surefire.testng.TestNGDirectoryTestSuite.executeMulti(TestNGDirectoryTestSuite.java:193)
at org.apache.maven.surefire.testng.TestNGDirectoryTestSuite.execute(TestNGDirectoryTestSuite.java:94)
at org.apache.maven.surefire.testng.TestNGProvider.invoke(TestNGProvider.java:146)
at org.apache.maven.surefire.booter.ForkedBooter.invokeProviderInSameClassLoader(ForkedBooter.java:383)
at org.apache.maven.surefire.booter.ForkedBooter.runSuitesInProcess(ForkedBooter.java:344)
at org.apache.maven.surefire.booter.ForkedBooter.execute(ForkedBooter.java:125)
at org.apache.maven.surefire.booter.ForkedBooter.main(ForkedBooter.java:417)
]]>
            </full-stacktrace>
          </exception> <!-- java.lang.IllegalArgumentException -->
          <reporter-output>
          </reporter-output>
        </test-method> <!-- testSetFieldValueRaiseAnExceptionIfTheValueToSetIsNotValid -->
        <test-method signature="testSetFieldValueTriesToInjectThroughSetterMethodInCaseOfErrors()[pri:0, instance:com.hotels.beans.utils.ReflectionUtilsTest@7a8b9166]" started-at="2019-05-26T20:28:21Z" name="testSetFieldValueTriesToInjectThroughSetterMethodInCaseOfErrors" finished-at="2019-05-26T20:28:21Z" duration-ms="1" status="PASS">
          <exception class="java.lang.NullPointerException">
            <full-stacktrace>
              <![CDATA[java.lang.NullPointerException
at com.hotels.beans.utils.ReflectionUtils.setFieldValue(ReflectionUtils.java:300)
at com.hotels.beans.utils.ReflectionUtilsTest.testSetFieldValueTriesToInjectThroughSetterMethodInCaseOfErrors(ReflectionUtilsTest.java:534)
at java.base/jdk.internal.reflect.NativeMethodAccessorImpl.invoke0(Native Method)
at java.base/jdk.internal.reflect.NativeMethodAccessorImpl.invoke(NativeMethodAccessorImpl.java:62)
at java.base/jdk.internal.reflect.DelegatingMethodAccessorImpl.invoke(DelegatingMethodAccessorImpl.java:43)
at java.base/java.lang.reflect.Method.invoke(Method.java:566)
at org.testng.internal.MethodInvocationHelper.invokeMethod(MethodInvocationHelper.java:124)
at org.testng.internal.Invoker.invokeMethod(Invoker.java:583)
at org.testng.internal.Invoker.invokeTestMethod(Invoker.java:719)
at org.testng.internal.Invoker.invokeTestMethods(Invoker.java:989)
at org.testng.internal.TestMethodWorker.invokeTestMethods(TestMethodWorker.java:125)
at org.testng.internal.TestMethodWorker.run(TestMethodWorker.java:109)
at org.testng.TestRunner.privateRun(TestRunner.java:648)
at org.testng.TestRunner.run(TestRunner.java:505)
at org.testng.SuiteRunner.runTest(SuiteRunner.java:455)
at org.testng.SuiteRunner.runSequentially(SuiteRunner.java:450)
at org.testng.SuiteRunner.privateRun(SuiteRunner.java:415)
at org.testng.SuiteRunner.run(SuiteRunner.java:364)
at org.testng.SuiteRunnerWorker.runSuite(SuiteRunnerWorker.java:52)
at org.testng.SuiteRunnerWorker.run(SuiteRunnerWorker.java:84)
at org.testng.TestNG.runSuitesSequentially(TestNG.java:1208)
at org.testng.TestNG.runSuitesLocally(TestNG.java:1137)
at org.testng.TestNG.runSuites(TestNG.java:1049)
at org.testng.TestNG.run(TestNG.java:1017)
at org.apache.maven.surefire.testng.TestNGExecutor.run(TestNGExecutor.java:135)
at org.apache.maven.surefire.testng.TestNGDirectoryTestSuite.executeMulti(TestNGDirectoryTestSuite.java:193)
at org.apache.maven.surefire.testng.TestNGDirectoryTestSuite.execute(TestNGDirectoryTestSuite.java:94)
at org.apache.maven.surefire.testng.TestNGProvider.invoke(TestNGProvider.java:146)
at org.apache.maven.surefire.booter.ForkedBooter.invokeProviderInSameClassLoader(ForkedBooter.java:383)
at org.apache.maven.surefire.booter.ForkedBooter.runSuitesInProcess(ForkedBooter.java:344)
at org.apache.maven.surefire.booter.ForkedBooter.execute(ForkedBooter.java:125)
at org.apache.maven.surefire.booter.ForkedBooter.main(ForkedBooter.java:417)
]]>
            </full-stacktrace>
          </exception> <!-- java.lang.NullPointerException -->
          <reporter-output>
          </reporter-output>
        </test-method> <!-- testSetFieldValueTriesToInjectThroughSetterMethodInCaseOfErrors -->
        <test-method signature="testSetFieldValueWorksProperly()[pri:0, instance:com.hotels.beans.utils.ReflectionUtilsTest@7a8b9166]" started-at="2019-05-26T20:28:21Z" name="testSetFieldValueWorksProperly" finished-at="2019-05-26T20:28:21Z" duration-ms="1" status="PASS">
          <reporter-output>
          </reporter-output>
        </test-method> <!-- testSetFieldValueWorksProperly -->
      </class> <!-- com.hotels.beans.utils.ReflectionUtilsTest -->
      <class name="com.hotels.beans.cache.CacheManagerTest">
        <test-method is-config="true" signature="beforeClass()[pri:0, instance:com.hotels.beans.cache.CacheManagerTest@aaa0f76]" started-at="2019-05-26T20:28:19Z" name="beforeClass" finished-at="2019-05-26T20:28:19Z" duration-ms="0" status="PASS">
          <reporter-output>
          </reporter-output>
        </test-method> <!-- beforeClass -->
        <test-method signature="testCacheObjectStoresTheGivenObjectWithTheGivenKey()[pri:0, instance:com.hotels.beans.cache.CacheManagerTest@aaa0f76]" started-at="2019-05-26T20:28:19Z" name="testCacheObjectStoresTheGivenObjectWithTheGivenKey" finished-at="2019-05-26T20:28:19Z" duration-ms="1" status="PASS">
          <reporter-output>
          </reporter-output>
        </test-method> <!-- testCacheObjectStoresTheGivenObjectWithTheGivenKey -->
        <test-method signature="testCacheObjectStoresTheDefaultValueIfTheGivenObjectIsNull()[pri:0, instance:com.hotels.beans.cache.CacheManagerTest@aaa0f76]" started-at="2019-05-26T20:28:19Z" name="testCacheObjectStoresTheDefaultValueIfTheGivenObjectIsNull" finished-at="2019-05-26T20:28:19Z" duration-ms="0" status="PASS">
          <reporter-output>
          </reporter-output>
        </test-method> <!-- testCacheObjectStoresTheDefaultValueIfTheGivenObjectIsNull -->
        <test-method signature="testRemoveFromCacheRemovesTheObject()[pri:0, instance:com.hotels.beans.cache.CacheManagerTest@aaa0f76]" started-at="2019-05-26T20:28:19Z" name="testRemoveFromCacheRemovesTheObject" finished-at="2019-05-26T20:28:19Z" duration-ms="1" status="PASS">
          <reporter-output>
          </reporter-output>
        </test-method> <!-- testRemoveFromCacheRemovesTheObject -->
      </class> <!-- com.hotels.beans.cache.CacheManagerTest -->
      <class name="com.hotels.beans.cache.CacheManagerFactoryTest">
        <test-method is-config="true" signature="beforeClass()[pri:0, instance:com.hotels.beans.cache.CacheManagerFactoryTest@3650d4fc]" started-at="2019-05-26T20:28:19Z" name="beforeClass" finished-at="2019-05-26T20:28:19Z" duration-ms="1" status="PASS">
          <reporter-output>
          </reporter-output>
        </test-method> <!-- beforeClass -->
        <test-method signature="testGetCacheReturnsACacheManagerInstance()[pri:0, instance:com.hotels.beans.cache.CacheManagerFactoryTest@3650d4fc]" started-at="2019-05-26T20:28:19Z" name="testGetCacheReturnsACacheManagerInstance" finished-at="2019-05-26T20:28:19Z" duration-ms="6" status="PASS">
          <reporter-output>
          </reporter-output>
        </test-method> <!-- testGetCacheReturnsACacheManagerInstance -->
        <test-method signature="testGetCacheThrowsExceptionIfTheCacheNameIsNull()[pri:0, instance:com.hotels.beans.cache.CacheManagerFactoryTest@3650d4fc]" started-at="2019-05-26T20:28:19Z" name="testGetCacheThrowsExceptionIfTheCacheNameIsNull" finished-at="2019-05-26T20:28:19Z" duration-ms="0" status="PASS">
          <exception class="java.lang.IllegalArgumentException">
            <message>
              <![CDATA[cacheName cannot be null!]]>
            </message>
            <full-stacktrace>
              <![CDATA[java.lang.IllegalArgumentException: cacheName cannot be null!
at com.hotels.beans.validator.Validator.notNull(Validator.java:78)
at com.hotels.beans.cache.CacheManagerFactory.getCacheManager(CacheManagerFactory.java:44)
at com.hotels.beans.cache.CacheManagerFactoryTest.testGetCacheThrowsExceptionIfTheCacheNameIsNull(CacheManagerFactoryTest.java:57)
at java.base/jdk.internal.reflect.NativeMethodAccessorImpl.invoke0(Native Method)
at java.base/jdk.internal.reflect.NativeMethodAccessorImpl.invoke(NativeMethodAccessorImpl.java:62)
at java.base/jdk.internal.reflect.DelegatingMethodAccessorImpl.invoke(DelegatingMethodAccessorImpl.java:43)
at java.base/java.lang.reflect.Method.invoke(Method.java:566)
at org.testng.internal.MethodInvocationHelper.invokeMethod(MethodInvocationHelper.java:124)
at org.testng.internal.Invoker.invokeMethod(Invoker.java:583)
at org.testng.internal.Invoker.invokeTestMethod(Invoker.java:719)
at org.testng.internal.Invoker.invokeTestMethods(Invoker.java:989)
at org.testng.internal.TestMethodWorker.invokeTestMethods(TestMethodWorker.java:125)
at org.testng.internal.TestMethodWorker.run(TestMethodWorker.java:109)
at org.testng.TestRunner.privateRun(TestRunner.java:648)
at org.testng.TestRunner.run(TestRunner.java:505)
at org.testng.SuiteRunner.runTest(SuiteRunner.java:455)
at org.testng.SuiteRunner.runSequentially(SuiteRunner.java:450)
at org.testng.SuiteRunner.privateRun(SuiteRunner.java:415)
at org.testng.SuiteRunner.run(SuiteRunner.java:364)
at org.testng.SuiteRunnerWorker.runSuite(SuiteRunnerWorker.java:52)
at org.testng.SuiteRunnerWorker.run(SuiteRunnerWorker.java:84)
at org.testng.TestNG.runSuitesSequentially(TestNG.java:1208)
at org.testng.TestNG.runSuitesLocally(TestNG.java:1137)
at org.testng.TestNG.runSuites(TestNG.java:1049)
at org.testng.TestNG.run(TestNG.java:1017)
at org.apache.maven.surefire.testng.TestNGExecutor.run(TestNGExecutor.java:135)
at org.apache.maven.surefire.testng.TestNGDirectoryTestSuite.executeMulti(TestNGDirectoryTestSuite.java:193)
at org.apache.maven.surefire.testng.TestNGDirectoryTestSuite.execute(TestNGDirectoryTestSuite.java:94)
at org.apache.maven.surefire.testng.TestNGProvider.invoke(TestNGProvider.java:146)
at org.apache.maven.surefire.booter.ForkedBooter.invokeProviderInSameClassLoader(ForkedBooter.java:383)
at org.apache.maven.surefire.booter.ForkedBooter.runSuitesInProcess(ForkedBooter.java:344)
at org.apache.maven.surefire.booter.ForkedBooter.execute(ForkedBooter.java:125)
at org.apache.maven.surefire.booter.ForkedBooter.main(ForkedBooter.java:417)
]]>
            </full-stacktrace>
          </exception> <!-- java.lang.IllegalArgumentException -->
          <reporter-output>
          </reporter-output>
        </test-method> <!-- testGetCacheThrowsExceptionIfTheCacheNameIsNull -->
      </class> <!-- com.hotels.beans.cache.CacheManagerFactoryTest -->
    </test> <!-- Surefire test -->
  </suite> <!-- Surefire suite -->
</testng-results>
